Using pre-set license
Built from '2020.3/staging' branch; Version is '2020.3.32f1 (12f8b0834f07) revision 1243312'; Using compiler version '192528614'; Build Type 'Release'
OS: 'Windows 10  (10.0.19044) 64bit Professional' Language: 'ru' Physical Memory: 16310 MB
BatchMode: 1, IsHumanControllingUs: 0, StartBugReporterOnCrash: 0, Is64bit: 1, IsPro: 0

COMMAND LINE ARGUMENTS:
C:\Program Files\Unity\Hub\Editor\2020.3.32f1\Editor\Unity.exe
-adb2
-batchMode
-noUpm
-name
AssetImportWorker0
-projectPath
C:/Users/Dannaki/Documents/Insurvival
-logFile
Logs/AssetImportWorker0.log
-srvPort
54699
Successfully changed project path to: C:/Users/Dannaki/Documents/Insurvival
C:/Users/Dannaki/Documents/Insurvival
Using Asset Import Pipeline V2.
Refreshing native plugins compatible for Editor in 41.42 ms, found 3 plugins.
Preloading 0 native plugins for Editor in 0.00 ms.
Initialize engine version: 2020.3.32f1 (12f8b0834f07)
[Subsystems] Discovering subsystems at path C:/Program Files/Unity/Hub/Editor/2020.3.32f1/Editor/Data/Resources/UnitySubsystems
[Subsystems] Discovering subsystems at path C:/Users/Dannaki/Documents/Insurvival/Assets
GfxDevice: creating device client; threaded=0
Direct3D:
    Version:  Direct3D 11.0 [level 11.1]
    Renderer: NVIDIA GeForce GT 1030 (ID=0x1d01)
    Vendor:   
    VRAM:     1982 MB
    Driver:   30.0.14.7293
Initialize mono
Mono path[0] = 'C:/Program Files/Unity/Hub/Editor/2020.3.32f1/Editor/Data/Managed'
Mono path[1] = 'C:/Program Files/Unity/Hub/Editor/2020.3.32f1/Editor/Data/MonoBleedingEdge/lib/mono/unityjit'
Mono config path = 'C:/Program Files/Unity/Hub/Editor/2020.3.32f1/Editor/Data/MonoBleedingEdge/etc'
Using monoOptions --debugger-agent=transport=dt_socket,embedding=1,server=y,suspend=n,address=127.0.0.1:56264
Begin MonoManager ReloadAssembly
Registering precompiled unity dll's ...
Register platform support module: C:/Program Files/Unity/Hub/Editor/2020.3.32f1/Editor/Data/PlaybackEngines/WindowsStandaloneSupport/UnityEditor.WindowsStandalone.Extensions.dll
Register platform support module: C:/Program Files/Unity/Hub/Editor/2020.3.32f1/Editor/Data/PlaybackEngines/Switch/UnityEditor.Switch.Extensions.dll
Registered in 0.002041 seconds.
Native extension for WindowsStandalone target not found
Refreshing native plugins compatible for Editor in 49.32 ms, found 3 plugins.
Preloading 0 native plugins for Editor in 0.00 ms.
Mono: successfully reloaded assembly
- Completed reload, in  0.642 seconds
Domain Reload Profiling:
	ReloadAssembly (642ms)
		BeginReloadAssembly (62ms)
			ExecutionOrderSort (0ms)
			DisableScriptedObjects (0ms)
			BackupInstance (0ms)
			ReleaseScriptingObjects (0ms)
			CreateAndSetChildDomain (1ms)
		EndReloadAssembly (512ms)
			LoadAssemblies (60ms)
			RebuildTransferFunctionScriptingTraits (0ms)
			SetupTypeCache (147ms)
			ReleaseScriptCaches (0ms)
			RebuildScriptCaches (35ms)
			SetupLoadedEditorAssemblies (225ms)
				LogAssemblyErrors (0ms)
				InitializePlatformSupportModulesInManaged (32ms)
				SetLoadedEditorAssemblies (0ms)
				RefreshPlugins (49ms)
				BeforeProcessingInitializeOnLoad (10ms)
				ProcessInitializeOnLoadAttributes (95ms)
				ProcessInitializeOnLoadMethodAttributes (39ms)
				AfterProcessingInitializeOnLoad (0ms)
				EditorAssembliesLoaded (0ms)
			ExecutionOrderSort2 (0ms)
			AwakeInstancesAfterBackupRestoration (0ms)
Platform modules already initialized, skipping
Registering precompiled user dll's ...
Registered in 0.002811 seconds.
Begin MonoManager ReloadAssembly
Native extension for WindowsStandalone target not found
Refreshing native plugins compatible for Editor in 1.01 ms, found 3 plugins.
Preloading 0 native plugins for Editor in 0.00 ms.
Mono: successfully reloaded assembly
- Completed reload, in  1.091 seconds
Domain Reload Profiling:
	ReloadAssembly (1092ms)
		BeginReloadAssembly (168ms)
			ExecutionOrderSort (0ms)
			DisableScriptedObjects (5ms)
			BackupInstance (0ms)
			ReleaseScriptingObjects (0ms)
			CreateAndSetChildDomain (21ms)
		EndReloadAssembly (857ms)
			LoadAssemblies (109ms)
			RebuildTransferFunctionScriptingTraits (0ms)
			SetupTypeCache (313ms)
			ReleaseScriptCaches (0ms)
			RebuildScriptCaches (62ms)
			SetupLoadedEditorAssemblies (296ms)
				LogAssemblyErrors (0ms)
				InitializePlatformSupportModulesInManaged (31ms)
				SetLoadedEditorAssemblies (0ms)
				RefreshPlugins (1ms)
				BeforeProcessingInitializeOnLoad (104ms)
				ProcessInitializeOnLoadAttributes (141ms)
				ProcessInitializeOnLoadMethodAttributes (13ms)
				AfterProcessingInitializeOnLoad (6ms)
				EditorAssembliesLoaded (0ms)
			ExecutionOrderSort2 (0ms)
			AwakeInstancesAfterBackupRestoration (6ms)
Platform modules already initialized, skipping
========================================================================
Worker process is ready to serve import requests
Launched and connected shader compiler UnityShaderCompiler.exe after 0.03 seconds
Refreshing native plugins compatible for Editor in 0.48 ms, found 3 plugins.
Preloading 0 native plugins for Editor in 0.00 ms.
Unloading 2151 Unused Serialized files (Serialized files now loaded: 0)
System memory in use before: 169.1 MB.
System memory in use after: 169.2 MB.

Unloading 20 unused Assets to reduce memory usage. Loaded Objects now: 2601.
Total: 3.936800 ms (FindLiveObjects: 0.150000 ms CreateObjectMapping: 0.179400 ms MarkObjects: 3.566200 ms  DeleteObjects: 0.040100 ms)

AssetImportParameters requested are different than current active one (requested -> active):
  custom:framework-win-MediaFoundation: 216162199b28c13a410421893ffa2e32 -> 
  custom:video-decoder-ogg-theora: a1e56fd34408186e4bbccfd4996cb3dc -> 
  custom:container-muxer-webm: aa71ff27fc2769a1b78a27578f13a17b -> 
  custom:container-demuxer-webm: 4f35f7cbe854078d1ac9338744f61a02 -> 
  custom:container-demuxer-ogg: 62fdf1f143b41e24485cea50d1cbac27 -> 
  custom:video-encoder-webm-vp8: eb34c28f22e8b96e1ab97ce403110664 -> 
  custom:video-decoder-webm-vp8: 9c59270c3fd7afecdb556c50c9e8de78 -> 
  custom:audio-decoder-ogg-vorbis: bf7c407c2cedff20999df2af8eb42d56 -> 
  custom:audio-encoder-webm-vorbis: bf7c407c2cedff20999df2af8eb42d56 -> 
========================================================================
Received Import Request.
  path: Assets/CubeMap
  artifactKey: Guid(3a0be79f53d711445836ec8d19c127d5) Importer(815301076,1909f56bfc062723c751e8b465ee728b)
Start importing Assets/CubeMap using Guid(3a0be79f53d711445836ec8d19c127d5) Importer(815301076,1909f56bfc062723c751e8b465ee728b)  -> (artifact id: 'fb8fba583896da31883fd253c45376d0') in 0.008100 seconds 
========================================================================
Received Import Request.
  Time since last request: 64.854230 seconds.
  path: Assets/CubeMap/Back.cubemap
  artifactKey: Guid(17f7e91797a1c8846b21a168a0aafc00) Importer(815301076,1909f56bfc062723c751e8b465ee728b)
Start importing Assets/CubeMap/Back.cubemap using Guid(17f7e91797a1c8846b21a168a0aafc00) Importer(815301076,1909f56bfc062723c751e8b465ee728b)  -> (artifact id: '9fa917edb6e8a603df3179063166eb2a') in 0.097791 seconds 
========================================================================
Received Import Request.
  Time since last request: 0.000183 seconds.
  path: Assets/CubeMap/back.png
  artifactKey: Guid(4c5c8b9151420d547b321064428b27e2) Importer(815301076,1909f56bfc062723c751e8b465ee728b)
Start importing Assets/CubeMap/back.png using Guid(4c5c8b9151420d547b321064428b27e2) Importer(815301076,1909f56bfc062723c751e8b465ee728b)  -> (artifact id: '359832c43fb22ac9e70441c06f1e6474') in 0.045001 seconds 
========================================================================
Received Import Request.
  Time since last request: 0.000131 seconds.
  path: Assets/CubeMap/left.png
  artifactKey: Guid(581b5deeb64b5f14590e987f38324e5f) Importer(815301076,1909f56bfc062723c751e8b465ee728b)
Start importing Assets/CubeMap/left.png using Guid(581b5deeb64b5f14590e987f38324e5f) Importer(815301076,1909f56bfc062723c751e8b465ee728b)  -> (artifact id: '7f6faa1671cf7cca88ceb7087eb62ac5') in 0.020534 seconds 
========================================================================
Received Import Request.
  Time since last request: 0.000215 seconds.
  path: Assets/CubeMap/bottom.png
  artifactKey: Guid(23c2c97083ace054fa047021a7b015ba) Importer(815301076,1909f56bfc062723c751e8b465ee728b)
Start importing Assets/CubeMap/bottom.png using Guid(23c2c97083ace054fa047021a7b015ba) Importer(815301076,1909f56bfc062723c751e8b465ee728b)  -> (artifact id: 'f7f3cb1c0828244dedf11c517ce25adf') in 0.015493 seconds 
========================================================================
Received Import Request.
  Time since last request: 0.000181 seconds.
  path: Assets/CubeMap/front.png
  artifactKey: Guid(a0fa4fb9e03cb964191c4da55871a500) Importer(815301076,1909f56bfc062723c751e8b465ee728b)
Start importing Assets/CubeMap/front.png using Guid(a0fa4fb9e03cb964191c4da55871a500) Importer(815301076,1909f56bfc062723c751e8b465ee728b)  -> (artifact id: '94e990b6bbf40afc9177a5b747d09fbf') in 0.015494 seconds 
========================================================================
Received Import Request.
  Time since last request: 0.000187 seconds.
  path: Assets/CubeMap/right.png
  artifactKey: Guid(e2955ee6e2de4cc43a612ccf3a0f5163) Importer(815301076,1909f56bfc062723c751e8b465ee728b)
Start importing Assets/CubeMap/right.png using Guid(e2955ee6e2de4cc43a612ccf3a0f5163) Importer(815301076,1909f56bfc062723c751e8b465ee728b)  -> (artifact id: '8fb10172aa9308e9a559477ffdbed58b') in 0.013861 seconds 
========================================================================
Received Import Request.
  Time since last request: 0.000268 seconds.
  path: Assets/CubeMap/top.png
  artifactKey: Guid(51697c8e9a389bf42b0ca20108dba6ab) Importer(815301076,1909f56bfc062723c751e8b465ee728b)
Start importing Assets/CubeMap/top.png using Guid(51697c8e9a389bf42b0ca20108dba6ab) Importer(815301076,1909f56bfc062723c751e8b465ee728b)  -> (artifact id: 'af88e126c4619bb0fda82c1032f749ad') in 0.018409 seconds 
========================================================================
Received Prepare
Registering precompiled user dll's ...
Registered in 0.003841 seconds.
Begin MonoManager ReloadAssembly
Native extension for WindowsStandalone target not found
Refreshing native plugins compatible for Editor in 0.58 ms, found 3 plugins.
Preloading 0 native plugins for Editor in 0.00 ms.
Mono: successfully reloaded assembly
- Completed reload, in  1.233 seconds
Domain Reload Profiling:
	ReloadAssembly (1233ms)
		BeginReloadAssembly (146ms)
			ExecutionOrderSort (0ms)
			DisableScriptedObjects (6ms)
			BackupInstance (0ms)
			ReleaseScriptingObjects (0ms)
			CreateAndSetChildDomain (46ms)
		EndReloadAssembly (1007ms)
			LoadAssemblies (121ms)
			RebuildTransferFunctionScriptingTraits (0ms)
			SetupTypeCache (357ms)
			ReleaseScriptCaches (1ms)
			RebuildScriptCaches (61ms)
			SetupLoadedEditorAssemblies (360ms)
				LogAssemblyErrors (0ms)
				InitializePlatformSupportModulesInManaged (43ms)
				SetLoadedEditorAssemblies (1ms)
				RefreshPlugins (1ms)
				BeforeProcessingInitializeOnLoad (129ms)
				ProcessInitializeOnLoadAttributes (164ms)
				ProcessInitializeOnLoadMethodAttributes (14ms)
				AfterProcessingInitializeOnLoad (8ms)
				EditorAssembliesLoaded (0ms)
			ExecutionOrderSort2 (0ms)
			AwakeInstancesAfterBackupRestoration (11ms)
Platform modules already initialized, skipping
Refreshing native plugins compatible for Editor in 0.55 ms, found 3 plugins.
Preloading 0 native plugins for Editor in 0.00 ms.
Unloading 2137 Unused Serialized files (Serialized files now loaded: 0)
System memory in use before: 171.4 MB.
System memory in use after: 171.5 MB.

Unloading 14 unused Assets to reduce memory usage. Loaded Objects now: 2638.
Total: 3.390000 ms (FindLiveObjects: 0.190200 ms CreateObjectMapping: 0.103100 ms MarkObjects: 3.074500 ms  DeleteObjects: 0.020900 ms)

AssetImportParameters requested are different than current active one (requested -> active):
  custom:framework-win-MediaFoundation: 216162199b28c13a410421893ffa2e32 -> 
  custom:video-decoder-ogg-theora: a1e56fd34408186e4bbccfd4996cb3dc -> 
  custom:container-muxer-webm: aa71ff27fc2769a1b78a27578f13a17b -> 
  custom:container-demuxer-webm: 4f35f7cbe854078d1ac9338744f61a02 -> 
  custom:container-demuxer-ogg: 62fdf1f143b41e24485cea50d1cbac27 -> 
  custom:video-encoder-webm-vp8: eb34c28f22e8b96e1ab97ce403110664 -> 
  custom:video-decoder-webm-vp8: 9c59270c3fd7afecdb556c50c9e8de78 -> 
  custom:audio-decoder-ogg-vorbis: bf7c407c2cedff20999df2af8eb42d56 -> 
  custom:audio-encoder-webm-vorbis: bf7c407c2cedff20999df2af8eb42d56 -> 
========================================================================
Received Import Request.
  Time since last request: 621.741221 seconds.
  path: Assets/Shader/DonakiShadersMenuImageScrolling.shader
  artifactKey: Guid(cd9026105d47c6945bb6538ed99ba3fb) Importer(815301076,1909f56bfc062723c751e8b465ee728b)
Start importing Assets/Shader/DonakiShadersMenuImageScrolling.shader using Guid(cd9026105d47c6945bb6538ed99ba3fb) Importer(815301076,1909f56bfc062723c751e8b465ee728b)  -> (artifact id: '6c63a8c309afbe0cdb261d8f3cf13b1d') in 0.026676 seconds 
========================================================================
Received Import Request.
  Time since last request: 375.616192 seconds.
  path: Assets/Shader/ReflectionGlass.shader
  artifactKey: Guid(d8a71e93611b8964c89bc73e28128537) Importer(815301076,1909f56bfc062723c751e8b465ee728b)
Start importing Assets/Shader/ReflectionGlass.shader using Guid(d8a71e93611b8964c89bc73e28128537) Importer(815301076,1909f56bfc062723c751e8b465ee728b)  -> (artifact id: '3fbc4b41d17c0823949ee41f1277f5d7') in 0.010311 seconds 
AssetImportWorkerClient::OnTransportError - code=2 error=End of file
