Using pre-set license
Built from '2020.3/staging' branch; Version is '2020.3.32f1 (12f8b0834f07) revision 1243312'; Using compiler version '192528614'; Build Type 'Release'
OS: 'Windows 10  (10.0.19044) 64bit Professional' Language: 'ru' Physical Memory: 16310 MB
BatchMode: 1, IsHumanControllingUs: 0, StartBugReporterOnCrash: 0, Is64bit: 1, IsPro: 0

COMMAND LINE ARGUMENTS:
C:\Program Files\Unity\Hub\Editor\2020.3.32f1\Editor\Unity.exe
-adb2
-batchMode
-noUpm
-name
AssetImportWorker0
-projectPath
C:/Users/Dannaki/Documents/Insurvival
-logFile
Logs/AssetImportWorker0.log
-srvPort
55319
Successfully changed project path to: C:/Users/Dannaki/Documents/Insurvival
C:/Users/Dannaki/Documents/Insurvival
Using Asset Import Pipeline V2.
Refreshing native plugins compatible for Editor in 40.20 ms, found 3 plugins.
Preloading 0 native plugins for Editor in 0.00 ms.
Initialize engine version: 2020.3.32f1 (12f8b0834f07)
[Subsystems] Discovering subsystems at path C:/Program Files/Unity/Hub/Editor/2020.3.32f1/Editor/Data/Resources/UnitySubsystems
[Subsystems] Discovering subsystems at path C:/Users/Dannaki/Documents/Insurvival/Assets
GfxDevice: creating device client; threaded=0
Direct3D:
    Version:  Direct3D 11.0 [level 11.1]
    Renderer: NVIDIA GeForce GT 1030 (ID=0x1d01)
    Vendor:   
    VRAM:     1982 MB
    Driver:   30.0.14.7293
Initialize mono
Mono path[0] = 'C:/Program Files/Unity/Hub/Editor/2020.3.32f1/Editor/Data/Managed'
Mono path[1] = 'C:/Program Files/Unity/Hub/Editor/2020.3.32f1/Editor/Data/MonoBleedingEdge/lib/mono/unityjit'
Mono config path = 'C:/Program Files/Unity/Hub/Editor/2020.3.32f1/Editor/Data/MonoBleedingEdge/etc'
Using monoOptions --debugger-agent=transport=dt_socket,embedding=1,server=y,suspend=n,address=127.0.0.1:56936
Begin MonoManager ReloadAssembly
Registering precompiled unity dll's ...
Register platform support module: C:/Program Files/Unity/Hub/Editor/2020.3.32f1/Editor/Data/PlaybackEngines/WindowsStandaloneSupport/UnityEditor.WindowsStandalone.Extensions.dll
Register platform support module: C:/Program Files/Unity/Hub/Editor/2020.3.32f1/Editor/Data/PlaybackEngines/Switch/UnityEditor.Switch.Extensions.dll
Registered in 0.001944 seconds.
Native extension for WindowsStandalone target not found
Refreshing native plugins compatible for Editor in 42.07 ms, found 3 plugins.
Preloading 0 native plugins for Editor in 0.00 ms.
Mono: successfully reloaded assembly
- Completed reload, in  0.606 seconds
Domain Reload Profiling:
	ReloadAssembly (606ms)
		BeginReloadAssembly (59ms)
			ExecutionOrderSort (0ms)
			DisableScriptedObjects (0ms)
			BackupInstance (0ms)
			ReleaseScriptingObjects (0ms)
			CreateAndSetChildDomain (1ms)
		EndReloadAssembly (480ms)
			LoadAssemblies (57ms)
			RebuildTransferFunctionScriptingTraits (0ms)
			SetupTypeCache (145ms)
			ReleaseScriptCaches (0ms)
			RebuildScriptCaches (43ms)
			SetupLoadedEditorAssemblies (196ms)
				LogAssemblyErrors (0ms)
				InitializePlatformSupportModulesInManaged (29ms)
				SetLoadedEditorAssemblies (0ms)
				RefreshPlugins (42ms)
				BeforeProcessingInitializeOnLoad (9ms)
				ProcessInitializeOnLoadAttributes (83ms)
				ProcessInitializeOnLoadMethodAttributes (34ms)
				AfterProcessingInitializeOnLoad (0ms)
				EditorAssembliesLoaded (0ms)
			ExecutionOrderSort2 (0ms)
			AwakeInstancesAfterBackupRestoration (0ms)
Platform modules already initialized, skipping
Registering precompiled user dll's ...
Registered in 0.002798 seconds.
Begin MonoManager ReloadAssembly
Native extension for WindowsStandalone target not found
Refreshing native plugins compatible for Editor in 0.46 ms, found 3 plugins.
Preloading 0 native plugins for Editor in 0.00 ms.
Mono: successfully reloaded assembly
- Completed reload, in  0.993 seconds
Domain Reload Profiling:
	ReloadAssembly (994ms)
		BeginReloadAssembly (152ms)
			ExecutionOrderSort (0ms)
			DisableScriptedObjects (6ms)
			BackupInstance (0ms)
			ReleaseScriptingObjects (0ms)
			CreateAndSetChildDomain (20ms)
		EndReloadAssembly (781ms)
			LoadAssemblies (92ms)
			RebuildTransferFunctionScriptingTraits (0ms)
			SetupTypeCache (275ms)
			ReleaseScriptCaches (0ms)
			RebuildScriptCaches (53ms)
			SetupLoadedEditorAssemblies (281ms)
				LogAssemblyErrors (0ms)
				InitializePlatformSupportModulesInManaged (30ms)
				SetLoadedEditorAssemblies (1ms)
				RefreshPlugins (1ms)
				BeforeProcessingInitializeOnLoad (102ms)
				ProcessInitializeOnLoadAttributes (129ms)
				ProcessInitializeOnLoadMethodAttributes (14ms)
				AfterProcessingInitializeOnLoad (5ms)
				EditorAssembliesLoaded (0ms)
			ExecutionOrderSort2 (0ms)
			AwakeInstancesAfterBackupRestoration (8ms)
Platform modules already initialized, skipping
========================================================================
Worker process is ready to serve import requests
Launched and connected shader compiler UnityShaderCompiler.exe after 0.03 seconds
Refreshing native plugins compatible for Editor in 0.66 ms, found 3 plugins.
Preloading 0 native plugins for Editor in 0.00 ms.
Unloading 2152 Unused Serialized files (Serialized files now loaded: 0)
System memory in use before: 169.9 MB.
System memory in use after: 170.0 MB.

Unloading 20 unused Assets to reduce memory usage. Loaded Objects now: 2604.
Total: 2.677100 ms (FindLiveObjects: 0.162800 ms CreateObjectMapping: 0.091900 ms MarkObjects: 2.397300 ms  DeleteObjects: 0.024500 ms)

AssetImportParameters requested are different than current active one (requested -> active):
  custom:framework-win-MediaFoundation: 216162199b28c13a410421893ffa2e32 -> 
  custom:video-decoder-ogg-theora: a1e56fd34408186e4bbccfd4996cb3dc -> 
  custom:container-muxer-webm: aa71ff27fc2769a1b78a27578f13a17b -> 
  custom:container-demuxer-webm: 4f35f7cbe854078d1ac9338744f61a02 -> 
  custom:container-demuxer-ogg: 62fdf1f143b41e24485cea50d1cbac27 -> 
  custom:video-encoder-webm-vp8: eb34c28f22e8b96e1ab97ce403110664 -> 
  custom:video-decoder-webm-vp8: 9c59270c3fd7afecdb556c50c9e8de78 -> 
  custom:audio-decoder-ogg-vorbis: bf7c407c2cedff20999df2af8eb42d56 -> 
  custom:audio-encoder-webm-vorbis: bf7c407c2cedff20999df2af8eb42d56 -> 
========================================================================
Received Import Request.
  path: Assets/Material/texture21.mat
  artifactKey: Guid(5af21472d3d197a4899ee44debcce182) Importer(815301076,1909f56bfc062723c751e8b465ee728b)
Start importing Assets/Material/texture21.mat using Guid(5af21472d3d197a4899ee44debcce182) Importer(815301076,1909f56bfc062723c751e8b465ee728b)  -> (artifact id: '54d610c551cade276916d12a224f1c40') in 0.100761 seconds 
========================================================================
Received Import Request.
  Time since last request: 0.000204 seconds.
  path: Assets/Material/texture22.mat
  artifactKey: Guid(4a6392b37e2c7b54692ffd08256100ae) Importer(815301076,1909f56bfc062723c751e8b465ee728b)
Start importing Assets/Material/texture22.mat using Guid(4a6392b37e2c7b54692ffd08256100ae) Importer(815301076,1909f56bfc062723c751e8b465ee728b)  -> (artifact id: '98172a9591a8c0314079e3761eeb23bd') in 0.105177 seconds 
========================================================================
Received Import Request.
  Time since last request: 7.537420 seconds.
  path: Assets/Shader/ReflectionGlass.shader
  artifactKey: Guid(d8a71e93611b8964c89bc73e28128537) Importer(815301076,1909f56bfc062723c751e8b465ee728b)
Start importing Assets/Shader/ReflectionGlass.shader using Guid(d8a71e93611b8964c89bc73e28128537) Importer(815301076,1909f56bfc062723c751e8b465ee728b)  -> (artifact id: 'bd1c30ae1dafe2351fb0f6711fdc5b88') in 0.007735 seconds 
========================================================================
Received Import Request.
  Time since last request: 52.088946 seconds.
  path: Assets/CubeMap/Back.cubemap
  artifactKey: Guid(17f7e91797a1c8846b21a168a0aafc00) Importer(815301076,1909f56bfc062723c751e8b465ee728b)
Start importing Assets/CubeMap/Back.cubemap using Guid(17f7e91797a1c8846b21a168a0aafc00) Importer(815301076,1909f56bfc062723c751e8b465ee728b)  -> (artifact id: '00ce339b5f10ca2f2e36400ac01dcd41') in 0.036597 seconds 
========================================================================
Received Import Request.
  Time since last request: 81.081182 seconds.
  path: Assets/Texture2D/glassdoor_reflectionmap.png
  artifactKey: Guid(dff22d3c2eaa24d40bfa34d9a1b6560c) Importer(815301076,1909f56bfc062723c751e8b465ee728b)
Start importing Assets/Texture2D/glassdoor_reflectionmap.png using Guid(dff22d3c2eaa24d40bfa34d9a1b6560c) Importer(815301076,1909f56bfc062723c751e8b465ee728b)  -> (artifact id: '76fa155f2fadd24439c4f7eb1abfc9e7') in 0.036016 seconds 
========================================================================
Received Import Request.
  Time since last request: 11.139947 seconds.
  path: Assets/Texture2D/glassdoor_reflectionmap.png
  artifactKey: Guid(dff22d3c2eaa24d40bfa34d9a1b6560c) Importer(815301076,1909f56bfc062723c751e8b465ee728b)
Start importing Assets/Texture2D/glassdoor_reflectionmap.png using Guid(dff22d3c2eaa24d40bfa34d9a1b6560c) Importer(815301076,1909f56bfc062723c751e8b465ee728b)  -> (artifact id: 'c20fe25a1b7f948ae47c4efb6a88f51e') in 0.006716 seconds 
========================================================================
Received Import Request.
  Time since last request: 694.369422 seconds.
  path: Assets/Texture2D/glassdoor_reflectionmap.png
  artifactKey: Guid(dff22d3c2eaa24d40bfa34d9a1b6560c) Importer(815301076,1909f56bfc062723c751e8b465ee728b)
Start importing Assets/Texture2D/glassdoor_reflectionmap.png using Guid(dff22d3c2eaa24d40bfa34d9a1b6560c) Importer(815301076,1909f56bfc062723c751e8b465ee728b)  -> (artifact id: '6a66817625efc1809409fe7dd9092a31') in 0.011102 seconds 
========================================================================
Received Prepare
Registering precompiled user dll's ...
Registered in 0.002639 seconds.
Begin MonoManager ReloadAssembly
Native extension for WindowsStandalone target not found
Refreshing native plugins compatible for Editor in 0.44 ms, found 3 plugins.
Preloading 0 native plugins for Editor in 0.00 ms.
Mono: successfully reloaded assembly
- Completed reload, in  0.970 seconds
Domain Reload Profiling:
	ReloadAssembly (970ms)
		BeginReloadAssembly (115ms)
			ExecutionOrderSort (0ms)
			DisableScriptedObjects (5ms)
			BackupInstance (0ms)
			ReleaseScriptingObjects (0ms)
			CreateAndSetChildDomain (37ms)
		EndReloadAssembly (800ms)
			LoadAssemblies (85ms)
			RebuildTransferFunctionScriptingTraits (0ms)
			SetupTypeCache (270ms)
			ReleaseScriptCaches (1ms)
			RebuildScriptCaches (45ms)
			SetupLoadedEditorAssemblies (307ms)
				LogAssemblyErrors (0ms)
				InitializePlatformSupportModulesInManaged (28ms)
				SetLoadedEditorAssemblies (1ms)
				RefreshPlugins (1ms)
				BeforeProcessingInitializeOnLoad (109ms)
				ProcessInitializeOnLoadAttributes (152ms)
				ProcessInitializeOnLoadMethodAttributes (10ms)
				AfterProcessingInitializeOnLoad (6ms)
				EditorAssembliesLoaded (0ms)
			ExecutionOrderSort2 (0ms)
			AwakeInstancesAfterBackupRestoration (12ms)
Platform modules already initialized, skipping
Refreshing native plugins compatible for Editor in 0.44 ms, found 3 plugins.
Preloading 0 native plugins for Editor in 0.00 ms.
Unloading 2137 Unused Serialized files (Serialized files now loaded: 0)
System memory in use before: 172.2 MB.
System memory in use after: 172.3 MB.

Unloading 14 unused Assets to reduce memory usage. Loaded Objects now: 2650.
Total: 2.825000 ms (FindLiveObjects: 0.148600 ms CreateObjectMapping: 0.078600 ms MarkObjects: 2.578900 ms  DeleteObjects: 0.018000 ms)

AssetImportParameters requested are different than current active one (requested -> active):
  custom:framework-win-MediaFoundation: 216162199b28c13a410421893ffa2e32 -> 
  custom:video-decoder-ogg-theora: a1e56fd34408186e4bbccfd4996cb3dc -> 
  custom:container-muxer-webm: aa71ff27fc2769a1b78a27578f13a17b -> 
  custom:container-demuxer-webm: 4f35f7cbe854078d1ac9338744f61a02 -> 
  custom:container-demuxer-ogg: 62fdf1f143b41e24485cea50d1cbac27 -> 
  custom:video-encoder-webm-vp8: eb34c28f22e8b96e1ab97ce403110664 -> 
  custom:video-decoder-webm-vp8: 9c59270c3fd7afecdb556c50c9e8de78 -> 
  custom:audio-decoder-ogg-vorbis: bf7c407c2cedff20999df2af8eb42d56 -> 
  custom:audio-encoder-webm-vorbis: bf7c407c2cedff20999df2af8eb42d56 -> 
========================================================================
Received Import Request.
  Time since last request: 566.058281 seconds.
  path: Assets/Shader/ReflectionGlass.shader
  artifactKey: Guid(d8a71e93611b8964c89bc73e28128537) Importer(815301076,1909f56bfc062723c751e8b465ee728b)
Start importing Assets/Shader/ReflectionGlass.shader using Guid(d8a71e93611b8964c89bc73e28128537) Importer(815301076,1909f56bfc062723c751e8b465ee728b)  -> (artifact id: 'ba79a8ef8e6b414cf04bdb8e716cc6f9') in 0.019225 seconds 
========================================================================
Received Prepare
Registering precompiled user dll's ...
Registered in 0.002818 seconds.
Begin MonoManager ReloadAssembly
Native extension for WindowsStandalone target not found
Refreshing native plugins compatible for Editor in 0.44 ms, found 3 plugins.
Preloading 0 native plugins for Editor in 0.00 ms.
Mono: successfully reloaded assembly
- Completed reload, in  0.947 seconds
Domain Reload Profiling:
	ReloadAssembly (948ms)
		BeginReloadAssembly (115ms)
			ExecutionOrderSort (0ms)
			DisableScriptedObjects (4ms)
			BackupInstance (0ms)
			ReleaseScriptingObjects (0ms)
			CreateAndSetChildDomain (40ms)
		EndReloadAssembly (775ms)
			LoadAssemblies (87ms)
			RebuildTransferFunctionScriptingTraits (0ms)
			SetupTypeCache (273ms)
			ReleaseScriptCaches (1ms)
			RebuildScriptCaches (47ms)
			SetupLoadedEditorAssemblies (272ms)
				LogAssemblyErrors (0ms)
				InitializePlatformSupportModulesInManaged (30ms)
				SetLoadedEditorAssemblies (1ms)
				RefreshPlugins (1ms)
				BeforeProcessingInitializeOnLoad (96ms)
				ProcessInitializeOnLoadAttributes (130ms)
				ProcessInitializeOnLoadMethodAttributes (10ms)
				AfterProcessingInitializeOnLoad (6ms)
				EditorAssembliesLoaded (0ms)
			ExecutionOrderSort2 (0ms)
			AwakeInstancesAfterBackupRestoration (10ms)
Platform modules already initialized, skipping
Refreshing native plugins compatible for Editor in 0.43 ms, found 3 plugins.
Preloading 0 native plugins for Editor in 0.00 ms.
Unloading 2137 Unused Serialized files (Serialized files now loaded: 0)
System memory in use before: 172.2 MB.
System memory in use after: 172.3 MB.

Unloading 14 unused Assets to reduce memory usage. Loaded Objects now: 2653.
Total: 2.791200 ms (FindLiveObjects: 0.151800 ms CreateObjectMapping: 0.082900 ms MarkObjects: 2.536800 ms  DeleteObjects: 0.019100 ms)

AssetImportParameters requested are different than current active one (requested -> active):
  custom:framework-win-MediaFoundation: 216162199b28c13a410421893ffa2e32 -> 
  custom:video-decoder-ogg-theora: a1e56fd34408186e4bbccfd4996cb3dc -> 
  custom:container-muxer-webm: aa71ff27fc2769a1b78a27578f13a17b -> 
  custom:container-demuxer-webm: 4f35f7cbe854078d1ac9338744f61a02 -> 
  custom:container-demuxer-ogg: 62fdf1f143b41e24485cea50d1cbac27 -> 
  custom:video-encoder-webm-vp8: eb34c28f22e8b96e1ab97ce403110664 -> 
  custom:video-decoder-webm-vp8: 9c59270c3fd7afecdb556c50c9e8de78 -> 
  custom:audio-decoder-ogg-vorbis: bf7c407c2cedff20999df2af8eb42d56 -> 
  custom:audio-encoder-webm-vorbis: bf7c407c2cedff20999df2af8eb42d56 -> 
========================================================================
Received Import Request.
  Time since last request: 480.210601 seconds.
  path: Assets/Texture2D/texture13.png
  artifactKey: Guid(c61d7f977744a514ab5cf864d5f2f251) Importer(815301076,1909f56bfc062723c751e8b465ee728b)
Start importing Assets/Texture2D/texture13.png using Guid(c61d7f977744a514ab5cf864d5f2f251) Importer(815301076,1909f56bfc062723c751e8b465ee728b)  -> (artifact id: 'f4eefdd314e70f9aaa2609bfae9ada5c') in 0.039175 seconds 
========================================================================
Received Import Request.
  Time since last request: 0.000333 seconds.
  path: Assets/Texture2D/pc_reflectionmap.png
  artifactKey: Guid(23a10f69695594148b3e2ba334a52244) Importer(815301076,1909f56bfc062723c751e8b465ee728b)
Start importing Assets/Texture2D/pc_reflectionmap.png using Guid(23a10f69695594148b3e2ba334a52244) Importer(815301076,1909f56bfc062723c751e8b465ee728b)  -> (artifact id: '531494e8eaf0f6bfb67423a0d3c74570') in 0.011598 seconds 
========================================================================
Received Import Request.
  Time since last request: 77.628589 seconds.
  path: Assets/Texture2D/pc_reflectionmap.png
  artifactKey: Guid(23a10f69695594148b3e2ba334a52244) Importer(815301076,1909f56bfc062723c751e8b465ee728b)
Start importing Assets/Texture2D/pc_reflectionmap.png using Guid(23a10f69695594148b3e2ba334a52244) Importer(815301076,1909f56bfc062723c751e8b465ee728b)  -> (artifact id: 'ba7d29fa734888cd1e2bd4147f639440') in 0.006909 seconds 
========================================================================
Received Import Request.
  Time since last request: 3.991839 seconds.
  path: Assets/Texture2D/pc_reflectionmap.png
  artifactKey: Guid(23a10f69695594148b3e2ba334a52244) Importer(815301076,1909f56bfc062723c751e8b465ee728b)
Start importing Assets/Texture2D/pc_reflectionmap.png using Guid(23a10f69695594148b3e2ba334a52244) Importer(815301076,1909f56bfc062723c751e8b465ee728b)  -> (artifact id: '212e7aff2362183695661af97b7cd2e0') in 0.007127 seconds 
========================================================================
Received Import Request.
  Time since last request: 2.174769 seconds.
  path: Assets/Texture2D/pc_reflectionmap.png
  artifactKey: Guid(23a10f69695594148b3e2ba334a52244) Importer(815301076,1909f56bfc062723c751e8b465ee728b)
Start importing Assets/Texture2D/pc_reflectionmap.png using Guid(23a10f69695594148b3e2ba334a52244) Importer(815301076,1909f56bfc062723c751e8b465ee728b)  -> (artifact id: '739303dd30b69e7c1cc9df53a3d2ac51') in 0.009233 seconds 
========================================================================
Received Prepare
Registering precompiled user dll's ...
Registered in 0.002643 seconds.
Begin MonoManager ReloadAssembly
Native extension for WindowsStandalone target not found
Refreshing native plugins compatible for Editor in 0.44 ms, found 3 plugins.
Preloading 0 native plugins for Editor in 0.00 ms.
Mono: successfully reloaded assembly
- Completed reload, in  0.962 seconds
Domain Reload Profiling:
	ReloadAssembly (963ms)
		BeginReloadAssembly (119ms)
			ExecutionOrderSort (0ms)
			DisableScriptedObjects (5ms)
			BackupInstance (0ms)
			ReleaseScriptingObjects (0ms)
			CreateAndSetChildDomain (38ms)
		EndReloadAssembly (786ms)
			LoadAssemblies (94ms)
			RebuildTransferFunctionScriptingTraits (0ms)
			SetupTypeCache (269ms)
			ReleaseScriptCaches (1ms)
			RebuildScriptCaches (46ms)
			SetupLoadedEditorAssemblies (285ms)
				LogAssemblyErrors (0ms)
				InitializePlatformSupportModulesInManaged (34ms)
				SetLoadedEditorAssemblies (0ms)
				RefreshPlugins (0ms)
				BeforeProcessingInitializeOnLoad (99ms)
				ProcessInitializeOnLoadAttributes (136ms)
				ProcessInitializeOnLoadMethodAttributes (9ms)
				AfterProcessingInitializeOnLoad (6ms)
				EditorAssembliesLoaded (0ms)
			ExecutionOrderSort2 (0ms)
			AwakeInstancesAfterBackupRestoration (9ms)
Platform modules already initialized, skipping
Refreshing native plugins compatible for Editor in 0.43 ms, found 3 plugins.
Preloading 0 native plugins for Editor in 0.00 ms.
Unloading 2137 Unused Serialized files (Serialized files now loaded: 0)
System memory in use before: 172.2 MB.
System memory in use after: 172.4 MB.

Unloading 14 unused Assets to reduce memory usage. Loaded Objects now: 2656.
Total: 3.152500 ms (FindLiveObjects: 0.188000 ms CreateObjectMapping: 0.096100 ms MarkObjects: 2.847700 ms  DeleteObjects: 0.020000 ms)

AssetImportParameters requested are different than current active one (requested -> active):
  custom:framework-win-MediaFoundation: 216162199b28c13a410421893ffa2e32 -> 
  custom:video-decoder-ogg-theora: a1e56fd34408186e4bbccfd4996cb3dc -> 
  custom:container-muxer-webm: aa71ff27fc2769a1b78a27578f13a17b -> 
  custom:container-demuxer-webm: 4f35f7cbe854078d1ac9338744f61a02 -> 
  custom:container-demuxer-ogg: 62fdf1f143b41e24485cea50d1cbac27 -> 
  custom:video-encoder-webm-vp8: eb34c28f22e8b96e1ab97ce403110664 -> 
  custom:video-decoder-webm-vp8: 9c59270c3fd7afecdb556c50c9e8de78 -> 
  custom:audio-decoder-ogg-vorbis: bf7c407c2cedff20999df2af8eb42d56 -> 
  custom:audio-encoder-webm-vorbis: bf7c407c2cedff20999df2af8eb42d56 -> 
========================================================================
Received Import Request.
  Time since last request: 145.156477 seconds.
  path: Assets/Texture2D/texture14.png
  artifactKey: Guid(6012b4fb25acaa5489be7deca347c21d) Importer(815301076,1909f56bfc062723c751e8b465ee728b)
Start importing Assets/Texture2D/texture14.png using Guid(6012b4fb25acaa5489be7deca347c21d) Importer(815301076,1909f56bfc062723c751e8b465ee728b)  -> (artifact id: '21fdf5ce57ac1610b8036044427dd0fa') in 0.039144 seconds 
========================================================================
Received Prepare
Registering precompiled user dll's ...
Registered in 0.003378 seconds.
Begin MonoManager ReloadAssembly
Native extension for WindowsStandalone target not found
Refreshing native plugins compatible for Editor in 0.45 ms, found 3 plugins.
Preloading 0 native plugins for Editor in 0.00 ms.
Mono: successfully reloaded assembly
- Completed reload, in  0.986 seconds
Domain Reload Profiling:
	ReloadAssembly (986ms)
		BeginReloadAssembly (118ms)
			ExecutionOrderSort (0ms)
			DisableScriptedObjects (5ms)
			BackupInstance (0ms)
			ReleaseScriptingObjects (0ms)
			CreateAndSetChildDomain (40ms)
		EndReloadAssembly (810ms)
			LoadAssemblies (96ms)
			RebuildTransferFunctionScriptingTraits (0ms)
			SetupTypeCache (301ms)
			ReleaseScriptCaches (1ms)
			RebuildScriptCaches (45ms)
			SetupLoadedEditorAssemblies (283ms)
				LogAssemblyErrors (0ms)
				InitializePlatformSupportModulesInManaged (31ms)
				SetLoadedEditorAssemblies (1ms)
				RefreshPlugins (1ms)
				BeforeProcessingInitializeOnLoad (93ms)
				ProcessInitializeOnLoadAttributes (142ms)
				ProcessInitializeOnLoadMethodAttributes (10ms)
				AfterProcessingInitializeOnLoad (5ms)
				EditorAssembliesLoaded (0ms)
			ExecutionOrderSort2 (0ms)
			AwakeInstancesAfterBackupRestoration (9ms)
Platform modules already initialized, skipping
Refreshing native plugins compatible for Editor in 0.43 ms, found 3 plugins.
Preloading 0 native plugins for Editor in 0.00 ms.
Unloading 2137 Unused Serialized files (Serialized files now loaded: 0)
System memory in use before: 172.3 MB.
System memory in use after: 172.4 MB.

Unloading 14 unused Assets to reduce memory usage. Loaded Objects now: 2659.
Total: 3.006600 ms (FindLiveObjects: 0.151200 ms CreateObjectMapping: 0.081000 ms MarkObjects: 2.751500 ms  DeleteObjects: 0.022100 ms)

AssetImportParameters requested are different than current active one (requested -> active):
  custom:framework-win-MediaFoundation: 216162199b28c13a410421893ffa2e32 -> 
  custom:video-decoder-ogg-theora: a1e56fd34408186e4bbccfd4996cb3dc -> 
  custom:container-muxer-webm: aa71ff27fc2769a1b78a27578f13a17b -> 
  custom:container-demuxer-webm: 4f35f7cbe854078d1ac9338744f61a02 -> 
  custom:container-demuxer-ogg: 62fdf1f143b41e24485cea50d1cbac27 -> 
  custom:video-encoder-webm-vp8: eb34c28f22e8b96e1ab97ce403110664 -> 
  custom:video-decoder-webm-vp8: 9c59270c3fd7afecdb556c50c9e8de78 -> 
  custom:audio-decoder-ogg-vorbis: bf7c407c2cedff20999df2af8eb42d56 -> 
  custom:audio-encoder-webm-vorbis: bf7c407c2cedff20999df2af8eb42d56 -> 
========================================================================
Received Import Request.
  Time since last request: 1567.916120 seconds.
  path: Assets/Texture2D/bigpc_reflectionmap.png
  artifactKey: Guid(0aa4a0ba56167174a9553df04ed8ad25) Importer(815301076,1909f56bfc062723c751e8b465ee728b)
Start importing Assets/Texture2D/bigpc_reflectionmap.png using Guid(0aa4a0ba56167174a9553df04ed8ad25) Importer(815301076,1909f56bfc062723c751e8b465ee728b)  -> (artifact id: '9a572d8a54f007477b266dce882e85d2') in 0.042721 seconds 
========================================================================
Received Import Request.
  Time since last request: 0.000209 seconds.
  path: Assets/Texture2D/texture16.png
  artifactKey: Guid(1386b05c99f4eda4e91a4234a54a2d66) Importer(815301076,1909f56bfc062723c751e8b465ee728b)
Start importing Assets/Texture2D/texture16.png using Guid(1386b05c99f4eda4e91a4234a54a2d66) Importer(815301076,1909f56bfc062723c751e8b465ee728b)  -> (artifact id: '76bd9d05bc1419f0d583933b39bf94f6') in 0.014154 seconds 
========================================================================
Received Import Request.
  Time since last request: 0.000166 seconds.
  path: Assets/Texture2D/texture15.png
  artifactKey: Guid(ff31d5cc1bcd8b346805a8f9bea2574b) Importer(815301076,1909f56bfc062723c751e8b465ee728b)
Start importing Assets/Texture2D/texture15.png using Guid(ff31d5cc1bcd8b346805a8f9bea2574b) Importer(815301076,1909f56bfc062723c751e8b465ee728b)  -> (artifact id: '41dd744526749be2587fb7446387944a') in 0.017632 seconds 
========================================================================
Received Import Request.
  Time since last request: 8.446259 seconds.
  path: Assets/Texture2D/bigpc_reflectionmap.png
  artifactKey: Guid(0aa4a0ba56167174a9553df04ed8ad25) Importer(815301076,1909f56bfc062723c751e8b465ee728b)
Start importing Assets/Texture2D/bigpc_reflectionmap.png using Guid(0aa4a0ba56167174a9553df04ed8ad25) Importer(815301076,1909f56bfc062723c751e8b465ee728b)  -> (artifact id: '652822949d101039efc55c0e9659fb53') in 0.034990 seconds 
========================================================================
Received Import Request.
  Time since last request: 57.002958 seconds.
  path: Assets/Material/texture13.mat
  artifactKey: Guid(80de9d07856f6e84faf5fa3cfb9cfb07) Importer(815301076,1909f56bfc062723c751e8b465ee728b)
Start importing Assets/Material/texture13.mat using Guid(80de9d07856f6e84faf5fa3cfb9cfb07) Importer(815301076,1909f56bfc062723c751e8b465ee728b)  -> (artifact id: '1b0fc078944edd9877787c8ca4ce10fd') in 0.133289 seconds 
========================================================================
Received Import Request.
  Time since last request: 0.000207 seconds.
  path: Assets/Material/texture21.mat
  artifactKey: Guid(5af21472d3d197a4899ee44debcce182) Importer(815301076,1909f56bfc062723c751e8b465ee728b)
Start importing Assets/Material/texture21.mat using Guid(5af21472d3d197a4899ee44debcce182) Importer(815301076,1909f56bfc062723c751e8b465ee728b)  -> (artifact id: '0bd679c85d8f2d53a0661c3dbf02b85a') in 0.094907 seconds 
========================================================================
Received Import Request.
  Time since last request: 0.000180 seconds.
  path: Assets/Material/texture16.mat
  artifactKey: Guid(aeccb295b969f1449b8c67f48120c9a4) Importer(815301076,1909f56bfc062723c751e8b465ee728b)
Start importing Assets/Material/texture16.mat using Guid(aeccb295b969f1449b8c67f48120c9a4) Importer(815301076,1909f56bfc062723c751e8b465ee728b)  -> (artifact id: '77abb1efcb971b1f6aee8dd1609f4c93') in 0.088392 seconds 
========================================================================
Received Import Request.
  Time since last request: 0.000173 seconds.
  path: Assets/Material/texture14.mat
  artifactKey: Guid(49e2c941e8e46e74eb7161abfafb48e6) Importer(815301076,1909f56bfc062723c751e8b465ee728b)
Start importing Assets/Material/texture14.mat using Guid(49e2c941e8e46e74eb7161abfafb48e6) Importer(815301076,1909f56bfc062723c751e8b465ee728b)  -> (artifact id: '9e10d6ffe800f57b133a6e3576554c94') in 0.092177 seconds 
========================================================================
Received Import Request.
  Time since last request: 0.000156 seconds.
  path: Assets/Material/texture22.mat
  artifactKey: Guid(4a6392b37e2c7b54692ffd08256100ae) Importer(815301076,1909f56bfc062723c751e8b465ee728b)
Start importing Assets/Material/texture22.mat using Guid(4a6392b37e2c7b54692ffd08256100ae) Importer(815301076,1909f56bfc062723c751e8b465ee728b)  -> (artifact id: '7e2a4c8091c51b1991baacbf0b955cf6') in 0.088224 seconds 
========================================================================
Received Import Request.
  Time since last request: 0.000150 seconds.
  path: Assets/CubeMap/Back.cubemap
  artifactKey: Guid(17f7e91797a1c8846b21a168a0aafc00) Importer(815301076,1909f56bfc062723c751e8b465ee728b)
Start importing Assets/CubeMap/Back.cubemap using Guid(17f7e91797a1c8846b21a168a0aafc00) Importer(815301076,1909f56bfc062723c751e8b465ee728b)  -> (artifact id: '32f5a30d6bfb4b9560313007ee0f2708') in 0.097067 seconds 
========================================================================
Received Prepare
Registering precompiled user dll's ...
Registered in 0.003370 seconds.
Begin MonoManager ReloadAssembly
Native extension for WindowsStandalone target not found
Refreshing native plugins compatible for Editor in 0.54 ms, found 3 plugins.
Preloading 0 native plugins for Editor in 0.00 ms.
Mono: successfully reloaded assembly
- Completed reload, in  0.964 seconds
Domain Reload Profiling:
	ReloadAssembly (965ms)
		BeginReloadAssembly (116ms)
			ExecutionOrderSort (0ms)
			DisableScriptedObjects (5ms)
			BackupInstance (0ms)
			ReleaseScriptingObjects (0ms)
			CreateAndSetChildDomain (37ms)
		EndReloadAssembly (778ms)
			LoadAssemblies (92ms)
			RebuildTransferFunctionScriptingTraits (0ms)
			SetupTypeCache (267ms)
			ReleaseScriptCaches (1ms)
			RebuildScriptCaches (45ms)
			SetupLoadedEditorAssemblies (281ms)
				LogAssemblyErrors (0ms)
				InitializePlatformSupportModulesInManaged (30ms)
				SetLoadedEditorAssemblies (0ms)
				RefreshPlugins (1ms)
				BeforeProcessingInitializeOnLoad (108ms)
				ProcessInitializeOnLoadAttributes (125ms)
				ProcessInitializeOnLoadMethodAttributes (10ms)
				AfterProcessingInitializeOnLoad (7ms)
				EditorAssembliesLoaded (0ms)
			ExecutionOrderSort2 (0ms)
			AwakeInstancesAfterBackupRestoration (12ms)
Platform modules already initialized, skipping
Refreshing native plugins compatible for Editor in 0.44 ms, found 3 plugins.
Preloading 0 native plugins for Editor in 0.00 ms.
Unloading 2137 Unused Serialized files (Serialized files now loaded: 0)
System memory in use before: 172.3 MB.
System memory in use after: 172.4 MB.

Unloading 14 unused Assets to reduce memory usage. Loaded Objects now: 2663.
Total: 2.901000 ms (FindLiveObjects: 0.165600 ms CreateObjectMapping: 0.091800 ms MarkObjects: 2.620100 ms  DeleteObjects: 0.022600 ms)

AssetImportParameters requested are different than current active one (requested -> active):
  custom:framework-win-MediaFoundation: 216162199b28c13a410421893ffa2e32 -> 
  custom:video-decoder-ogg-theora: a1e56fd34408186e4bbccfd4996cb3dc -> 
  custom:container-muxer-webm: aa71ff27fc2769a1b78a27578f13a17b -> 
  custom:container-demuxer-webm: 4f35f7cbe854078d1ac9338744f61a02 -> 
  custom:container-demuxer-ogg: 62fdf1f143b41e24485cea50d1cbac27 -> 
  custom:video-encoder-webm-vp8: eb34c28f22e8b96e1ab97ce403110664 -> 
  custom:video-decoder-webm-vp8: 9c59270c3fd7afecdb556c50c9e8de78 -> 
  custom:audio-decoder-ogg-vorbis: bf7c407c2cedff20999df2af8eb42d56 -> 
  custom:audio-encoder-webm-vorbis: bf7c407c2cedff20999df2af8eb42d56 -> 
========================================================================
Received Import Request.
  Time since last request: 232.656644 seconds.
  path: Assets/Texture2D/texture17.png
  artifactKey: Guid(04ea7d55283d5e04e9480f127c711ed5) Importer(815301076,1909f56bfc062723c751e8b465ee728b)
Start importing Assets/Texture2D/texture17.png using Guid(04ea7d55283d5e04e9480f127c711ed5) Importer(815301076,1909f56bfc062723c751e8b465ee728b)  -> (artifact id: 'cc7c3bb3ef96a60d4e31b8c87873cc47') in 0.057070 seconds 
========================================================================
Received Prepare
Registering precompiled user dll's ...
Registered in 0.002514 seconds.
Begin MonoManager ReloadAssembly
Native extension for WindowsStandalone target not found
Refreshing native plugins compatible for Editor in 0.49 ms, found 3 plugins.
Preloading 0 native plugins for Editor in 0.00 ms.
Mono: successfully reloaded assembly
- Completed reload, in  0.926 seconds
Domain Reload Profiling:
	ReloadAssembly (926ms)
		BeginReloadAssembly (115ms)
			ExecutionOrderSort (0ms)
			DisableScriptedObjects (4ms)
			BackupInstance (0ms)
			ReleaseScriptingObjects (0ms)
			CreateAndSetChildDomain (36ms)
		EndReloadAssembly (755ms)
			LoadAssemblies (89ms)
			RebuildTransferFunctionScriptingTraits (0ms)
			SetupTypeCache (263ms)
			ReleaseScriptCaches (1ms)
			RebuildScriptCaches (46ms)
			SetupLoadedEditorAssemblies (265ms)
				LogAssemblyErrors (0ms)
				InitializePlatformSupportModulesInManaged (31ms)
				SetLoadedEditorAssemblies (0ms)
				RefreshPlugins (1ms)
				BeforeProcessingInitializeOnLoad (92ms)
				ProcessInitializeOnLoadAttributes (125ms)
				ProcessInitializeOnLoadMethodAttributes (9ms)
				AfterProcessingInitializeOnLoad (7ms)
				EditorAssembliesLoaded (0ms)
			ExecutionOrderSort2 (0ms)
			AwakeInstancesAfterBackupRestoration (8ms)
Platform modules already initialized, skipping
Refreshing native plugins compatible for Editor in 0.45 ms, found 3 plugins.
Preloading 0 native plugins for Editor in 0.00 ms.
Unloading 2137 Unused Serialized files (Serialized files now loaded: 0)
System memory in use before: 172.3 MB.
System memory in use after: 172.4 MB.

Unloading 14 unused Assets to reduce memory usage. Loaded Objects now: 2666.
Total: 2.666300 ms (FindLiveObjects: 0.155300 ms CreateObjectMapping: 0.078200 ms MarkObjects: 2.414000 ms  DeleteObjects: 0.018100 ms)

AssetImportParameters requested are different than current active one (requested -> active):
  custom:framework-win-MediaFoundation: 216162199b28c13a410421893ffa2e32 -> 
  custom:video-decoder-ogg-theora: a1e56fd34408186e4bbccfd4996cb3dc -> 
  custom:container-muxer-webm: aa71ff27fc2769a1b78a27578f13a17b -> 
  custom:container-demuxer-webm: 4f35f7cbe854078d1ac9338744f61a02 -> 
  custom:container-demuxer-ogg: 62fdf1f143b41e24485cea50d1cbac27 -> 
  custom:video-encoder-webm-vp8: eb34c28f22e8b96e1ab97ce403110664 -> 
  custom:video-decoder-webm-vp8: 9c59270c3fd7afecdb556c50c9e8de78 -> 
  custom:audio-decoder-ogg-vorbis: bf7c407c2cedff20999df2af8eb42d56 -> 
  custom:audio-encoder-webm-vorbis: bf7c407c2cedff20999df2af8eb42d56 -> 
========================================================================
Received Import Request.
  Time since last request: 1013.631649 seconds.
  path: Assets/Texture2D/texture18.png
  artifactKey: Guid(777b810136f1bfc45a55de5ae1714602) Importer(815301076,1909f56bfc062723c751e8b465ee728b)
Start importing Assets/Texture2D/texture18.png using Guid(777b810136f1bfc45a55de5ae1714602) Importer(815301076,1909f56bfc062723c751e8b465ee728b)  -> (artifact id: '25b3eeb826ced194fde194357c9608d8') in 0.050893 seconds 
========================================================================
Received Prepare
Registering precompiled user dll's ...
Registered in 0.003444 seconds.
Begin MonoManager ReloadAssembly
Native extension for WindowsStandalone target not found
Refreshing native plugins compatible for Editor in 0.43 ms, found 3 plugins.
Preloading 0 native plugins for Editor in 0.00 ms.
Mono: successfully reloaded assembly
- Completed reload, in  0.941 seconds
Domain Reload Profiling:
	ReloadAssembly (941ms)
		BeginReloadAssembly (114ms)
			ExecutionOrderSort (0ms)
			DisableScriptedObjects (5ms)
			BackupInstance (0ms)
			ReleaseScriptingObjects (0ms)
			CreateAndSetChildDomain (37ms)
		EndReloadAssembly (770ms)
			LoadAssemblies (89ms)
			RebuildTransferFunctionScriptingTraits (0ms)
			SetupTypeCache (282ms)
			ReleaseScriptCaches (1ms)
			RebuildScriptCaches (44ms)
			SetupLoadedEditorAssemblies (264ms)
				LogAssemblyErrors (0ms)
				InitializePlatformSupportModulesInManaged (29ms)
				SetLoadedEditorAssemblies (0ms)
				RefreshPlugins (0ms)
				BeforeProcessingInitializeOnLoad (98ms)
				ProcessInitializeOnLoadAttributes (120ms)
				ProcessInitializeOnLoadMethodAttributes (9ms)
				AfterProcessingInitializeOnLoad (5ms)
				EditorAssembliesLoaded (0ms)
			ExecutionOrderSort2 (0ms)
			AwakeInstancesAfterBackupRestoration (9ms)
Platform modules already initialized, skipping
Refreshing native plugins compatible for Editor in 0.44 ms, found 3 plugins.
Preloading 0 native plugins for Editor in 0.00 ms.
Unloading 2137 Unused Serialized files (Serialized files now loaded: 0)
System memory in use before: 172.3 MB.
System memory in use after: 172.4 MB.

Unloading 14 unused Assets to reduce memory usage. Loaded Objects now: 2669.
Total: 2.765300 ms (FindLiveObjects: 0.157000 ms CreateObjectMapping: 0.073000 ms MarkObjects: 2.514500 ms  DeleteObjects: 0.019900 ms)

AssetImportParameters requested are different than current active one (requested -> active):
  custom:framework-win-MediaFoundation: 216162199b28c13a410421893ffa2e32 -> 
  custom:video-decoder-ogg-theora: a1e56fd34408186e4bbccfd4996cb3dc -> 
  custom:container-muxer-webm: aa71ff27fc2769a1b78a27578f13a17b -> 
  custom:container-demuxer-webm: 4f35f7cbe854078d1ac9338744f61a02 -> 
  custom:container-demuxer-ogg: 62fdf1f143b41e24485cea50d1cbac27 -> 
  custom:video-encoder-webm-vp8: eb34c28f22e8b96e1ab97ce403110664 -> 
  custom:video-decoder-webm-vp8: 9c59270c3fd7afecdb556c50c9e8de78 -> 
  custom:audio-decoder-ogg-vorbis: bf7c407c2cedff20999df2af8eb42d56 -> 
  custom:audio-encoder-webm-vorbis: bf7c407c2cedff20999df2af8eb42d56 -> 
========================================================================
Received Prepare
Registering precompiled user dll's ...
Registered in 0.003017 seconds.
Begin MonoManager ReloadAssembly
Native extension for WindowsStandalone target not found
Refreshing native plugins compatible for Editor in 0.56 ms, found 3 plugins.
Preloading 0 native plugins for Editor in 0.00 ms.
Mono: successfully reloaded assembly
- Completed reload, in  1.212 seconds
Domain Reload Profiling:
	ReloadAssembly (1212ms)
		BeginReloadAssembly (137ms)
			ExecutionOrderSort (0ms)
			DisableScriptedObjects (6ms)
			BackupInstance (0ms)
			ReleaseScriptingObjects (0ms)
			CreateAndSetChildDomain (42ms)
		EndReloadAssembly (1002ms)
			LoadAssemblies (119ms)
			RebuildTransferFunctionScriptingTraits (0ms)
			SetupTypeCache (340ms)
			ReleaseScriptCaches (1ms)
			RebuildScriptCaches (62ms)
			SetupLoadedEditorAssemblies (362ms)
				LogAssemblyErrors (0ms)
				InitializePlatformSupportModulesInManaged (37ms)
				SetLoadedEditorAssemblies (1ms)
				RefreshPlugins (1ms)
				BeforeProcessingInitializeOnLoad (145ms)
				ProcessInitializeOnLoadAttributes (159ms)
				ProcessInitializeOnLoadMethodAttributes (12ms)
				AfterProcessingInitializeOnLoad (7ms)
				EditorAssembliesLoaded (0ms)
			ExecutionOrderSort2 (0ms)
			AwakeInstancesAfterBackupRestoration (10ms)
Platform modules already initialized, skipping
Refreshing native plugins compatible for Editor in 0.51 ms, found 3 plugins.
Preloading 0 native plugins for Editor in 0.00 ms.
Unloading 2137 Unused Serialized files (Serialized files now loaded: 0)
System memory in use before: 172.3 MB.
System memory in use after: 172.5 MB.

Unloading 14 unused Assets to reduce memory usage. Loaded Objects now: 2672.
Total: 3.524400 ms (FindLiveObjects: 0.261500 ms CreateObjectMapping: 0.140300 ms MarkObjects: 3.097100 ms  DeleteObjects: 0.024300 ms)

AssetImportParameters requested are different than current active one (requested -> active):
  custom:framework-win-MediaFoundation: 216162199b28c13a410421893ffa2e32 -> 
  custom:video-decoder-ogg-theora: a1e56fd34408186e4bbccfd4996cb3dc -> 
  custom:container-muxer-webm: aa71ff27fc2769a1b78a27578f13a17b -> 
  custom:container-demuxer-webm: 4f35f7cbe854078d1ac9338744f61a02 -> 
  custom:container-demuxer-ogg: 62fdf1f143b41e24485cea50d1cbac27 -> 
  custom:video-encoder-webm-vp8: eb34c28f22e8b96e1ab97ce403110664 -> 
  custom:video-decoder-webm-vp8: 9c59270c3fd7afecdb556c50c9e8de78 -> 
  custom:audio-decoder-ogg-vorbis: bf7c407c2cedff20999df2af8eb42d56 -> 
  custom:audio-encoder-webm-vorbis: bf7c407c2cedff20999df2af8eb42d56 -> 
========================================================================
Received Import Request.
  Time since last request: 1944.331773 seconds.
  path: Assets/Texture2D/ceiling01.png
  artifactKey: Guid(91799a8c0d598ed4696fa74027b25646) Importer(815301076,1909f56bfc062723c751e8b465ee728b)
Start importing Assets/Texture2D/ceiling01.png using Guid(91799a8c0d598ed4696fa74027b25646) Importer(815301076,1909f56bfc062723c751e8b465ee728b)  -> (artifact id: '0fcf6c9ae99236ef00d2666058c28a5b') in 0.048464 seconds 
========================================================================
Received Import Request.
  Time since last request: 263.609164 seconds.
  path: Assets/Texture2D/texture19.png
  artifactKey: Guid(c6cf181219f01ce44adb63ff4577b0c3) Importer(815301076,1909f56bfc062723c751e8b465ee728b)
Start importing Assets/Texture2D/texture19.png using Guid(c6cf181219f01ce44adb63ff4577b0c3) Importer(815301076,1909f56bfc062723c751e8b465ee728b)  -> (artifact id: '030921e491ba56857ef81ff7e58f42d1') in 0.015966 seconds 
========================================================================
Received Prepare
Registering precompiled user dll's ...
Registered in 0.003229 seconds.
Begin MonoManager ReloadAssembly
Native extension for WindowsStandalone target not found
Refreshing native plugins compatible for Editor in 0.44 ms, found 3 plugins.
Preloading 0 native plugins for Editor in 0.00 ms.
Mono: successfully reloaded assembly
- Completed reload, in  0.984 seconds
Domain Reload Profiling:
	ReloadAssembly (984ms)
		BeginReloadAssembly (119ms)
			ExecutionOrderSort (0ms)
			DisableScriptedObjects (7ms)
			BackupInstance (0ms)
			ReleaseScriptingObjects (0ms)
			CreateAndSetChildDomain (40ms)
		EndReloadAssembly (807ms)
			LoadAssemblies (88ms)
			RebuildTransferFunctionScriptingTraits (0ms)
			SetupTypeCache (287ms)
			ReleaseScriptCaches (1ms)
			RebuildScriptCaches (48ms)
			SetupLoadedEditorAssemblies (296ms)
				LogAssemblyErrors (0ms)
				InitializePlatformSupportModulesInManaged (30ms)
				SetLoadedEditorAssemblies (0ms)
				RefreshPlugins (1ms)
				BeforeProcessingInitializeOnLoad (102ms)
				ProcessInitializeOnLoadAttributes (141ms)
				ProcessInitializeOnLoadMethodAttributes (15ms)
				AfterProcessingInitializeOnLoad (6ms)
				EditorAssembliesLoaded (0ms)
			ExecutionOrderSort2 (0ms)
			AwakeInstancesAfterBackupRestoration (9ms)
Platform modules already initialized, skipping
Refreshing native plugins compatible for Editor in 0.44 ms, found 3 plugins.
Preloading 0 native plugins for Editor in 0.00 ms.
Unloading 2137 Unused Serialized files (Serialized files now loaded: 0)
System memory in use before: 172.3 MB.
System memory in use after: 172.5 MB.

Unloading 14 unused Assets to reduce memory usage. Loaded Objects now: 2675.
Total: 2.862700 ms (FindLiveObjects: 0.170200 ms CreateObjectMapping: 0.094200 ms MarkObjects: 2.578900 ms  DeleteObjects: 0.018800 ms)

AssetImportParameters requested are different than current active one (requested -> active):
  custom:framework-win-MediaFoundation: 216162199b28c13a410421893ffa2e32 -> 
  custom:video-decoder-ogg-theora: a1e56fd34408186e4bbccfd4996cb3dc -> 
  custom:container-muxer-webm: aa71ff27fc2769a1b78a27578f13a17b -> 
  custom:container-demuxer-webm: 4f35f7cbe854078d1ac9338744f61a02 -> 
  custom:container-demuxer-ogg: 62fdf1f143b41e24485cea50d1cbac27 -> 
  custom:video-encoder-webm-vp8: eb34c28f22e8b96e1ab97ce403110664 -> 
  custom:video-decoder-webm-vp8: 9c59270c3fd7afecdb556c50c9e8de78 -> 
  custom:audio-decoder-ogg-vorbis: bf7c407c2cedff20999df2af8eb42d56 -> 
  custom:audio-encoder-webm-vorbis: bf7c407c2cedff20999df2af8eb42d56 -> 
========================================================================
Received Import Request.
  Time since last request: 661.912329 seconds.
  path: Assets/Texture2D/BloodFloor.png
  artifactKey: Guid(4505c567dca11054f834d831add8f65f) Importer(815301076,1909f56bfc062723c751e8b465ee728b)
Start importing Assets/Texture2D/BloodFloor.png using Guid(4505c567dca11054f834d831add8f65f) Importer(815301076,1909f56bfc062723c751e8b465ee728b)  -> (artifact id: 'a504098d3f5e055e6d06bda9b5c52c2c') in 0.039115 seconds 
========================================================================
Received Import Request.
  Time since last request: 7.711370 seconds.
  path: Assets/Texture2D/BloodFloor.png
  artifactKey: Guid(4505c567dca11054f834d831add8f65f) Importer(815301076,1909f56bfc062723c751e8b465ee728b)
Start importing Assets/Texture2D/BloodFloor.png using Guid(4505c567dca11054f834d831add8f65f) Importer(815301076,1909f56bfc062723c751e8b465ee728b)  -> (artifact id: '971466c52baff3a28485fa9c3b849582') in 0.011771 seconds 
========================================================================
Received Import Request.
  Time since last request: 35.601361 seconds.
  path: Assets/Texture2D/Materials
  artifactKey: Guid(db6c2aecb1a756042a66f4e1fab1f2b5) Importer(815301076,1909f56bfc062723c751e8b465ee728b)
Start importing Assets/Texture2D/Materials using Guid(db6c2aecb1a756042a66f4e1fab1f2b5) Importer(815301076,1909f56bfc062723c751e8b465ee728b)  -> (artifact id: '07ac72635a46b2584b17a1e37bb3fbfc') in 0.006985 seconds 
========================================================================
Received Import Request.
  Time since last request: 0.035928 seconds.
  path: Assets/Texture2D/Materials/BloodFloor.mat
  artifactKey: Guid(f9bf8cc71bd3a674e98851f0ef5779ce) Importer(815301076,1909f56bfc062723c751e8b465ee728b)
Start importing Assets/Texture2D/Materials/BloodFloor.mat using Guid(f9bf8cc71bd3a674e98851f0ef5779ce) Importer(815301076,1909f56bfc062723c751e8b465ee728b)  -> (artifact id: '566ee873308ecbeec24e26ea036e59fd') in 0.039482 seconds 
========================================================================
Received Import Request.
  Time since last request: 76.043964 seconds.
  path: Assets/Texture2D/BloodFloor.png
  artifactKey: Guid(4505c567dca11054f834d831add8f65f) Importer(815301076,1909f56bfc062723c751e8b465ee728b)
Start importing Assets/Texture2D/BloodFloor.png using Guid(4505c567dca11054f834d831add8f65f) Importer(815301076,1909f56bfc062723c751e8b465ee728b)  -> (artifact id: '9464c82b84a45ae06c954bde64fe4c84') in 0.011890 seconds 
========================================================================
Received Import Request.
  Time since last request: 7.855968 seconds.
  path: Assets/Texture2D/BloodFloor.png
  artifactKey: Guid(4505c567dca11054f834d831add8f65f) Importer(815301076,1909f56bfc062723c751e8b465ee728b)
Start importing Assets/Texture2D/BloodFloor.png using Guid(4505c567dca11054f834d831add8f65f) Importer(815301076,1909f56bfc062723c751e8b465ee728b)  -> (artifact id: '67b3b8064991c3377f500b820fd021cb') in 0.013803 seconds 
========================================================================
Received Import Request.
  Time since last request: 6.259435 seconds.
  path: Assets/Texture2D/BloodFloor.png
  artifactKey: Guid(4505c567dca11054f834d831add8f65f) Importer(815301076,1909f56bfc062723c751e8b465ee728b)
Start importing Assets/Texture2D/BloodFloor.png using Guid(4505c567dca11054f834d831add8f65f) Importer(815301076,1909f56bfc062723c751e8b465ee728b)  -> (artifact id: 'bdffde34a2a68c6786291d4ae6d8a00a') in 0.010988 seconds 
========================================================================
Received Prepare
Registering precompiled user dll's ...
Registered in 0.004374 seconds.
Begin MonoManager ReloadAssembly
Native extension for WindowsStandalone target not found
Refreshing native plugins compatible for Editor in 0.52 ms, found 3 plugins.
Preloading 0 native plugins for Editor in 0.00 ms.
Mono: successfully reloaded assembly
- Completed reload, in  1.216 seconds
Domain Reload Profiling:
	ReloadAssembly (1217ms)
		BeginReloadAssembly (157ms)
			ExecutionOrderSort (0ms)
			DisableScriptedObjects (5ms)
			BackupInstance (0ms)
			ReleaseScriptingObjects (0ms)
			CreateAndSetChildDomain (52ms)
		EndReloadAssembly (984ms)
			LoadAssemblies (129ms)
			RebuildTransferFunctionScriptingTraits (0ms)
			SetupTypeCache (331ms)
			ReleaseScriptCaches (1ms)
			RebuildScriptCaches (65ms)
			SetupLoadedEditorAssemblies (360ms)
				LogAssemblyErrors (0ms)
				InitializePlatformSupportModulesInManaged (38ms)
				SetLoadedEditorAssemblies (1ms)
				RefreshPlugins (1ms)
				BeforeProcessingInitializeOnLoad (139ms)
				ProcessInitializeOnLoadAttributes (164ms)
				ProcessInitializeOnLoadMethodAttributes (11ms)
				AfterProcessingInitializeOnLoad (6ms)
				EditorAssembliesLoaded (0ms)
			ExecutionOrderSort2 (0ms)
			AwakeInstancesAfterBackupRestoration (11ms)
Platform modules already initialized, skipping
Refreshing native plugins compatible for Editor in 0.88 ms, found 3 plugins.
Preloading 0 native plugins for Editor in 0.00 ms.
Unloading 2137 Unused Serialized files (Serialized files now loaded: 0)
System memory in use before: 172.4 MB.
System memory in use after: 172.5 MB.

Unloading 14 unused Assets to reduce memory usage. Loaded Objects now: 2680.
Total: 4.104500 ms (FindLiveObjects: 0.524000 ms CreateObjectMapping: 0.232900 ms MarkObjects: 3.308900 ms  DeleteObjects: 0.037400 ms)

AssetImportParameters requested are different than current active one (requested -> active):
  custom:framework-win-MediaFoundation: 216162199b28c13a410421893ffa2e32 -> 
  custom:video-decoder-ogg-theora: a1e56fd34408186e4bbccfd4996cb3dc -> 
  custom:container-muxer-webm: aa71ff27fc2769a1b78a27578f13a17b -> 
  custom:container-demuxer-webm: 4f35f7cbe854078d1ac9338744f61a02 -> 
  custom:container-demuxer-ogg: 62fdf1f143b41e24485cea50d1cbac27 -> 
  custom:video-encoder-webm-vp8: eb34c28f22e8b96e1ab97ce403110664 -> 
  custom:video-decoder-webm-vp8: 9c59270c3fd7afecdb556c50c9e8de78 -> 
  custom:audio-decoder-ogg-vorbis: bf7c407c2cedff20999df2af8eb42d56 -> 
  custom:audio-encoder-webm-vorbis: bf7c407c2cedff20999df2af8eb42d56 -> 
========================================================================
Received Prepare
Registering precompiled user dll's ...
Registered in 0.002533 seconds.
Begin MonoManager ReloadAssembly
Native extension for WindowsStandalone target not found
Refreshing native plugins compatible for Editor in 0.51 ms, found 3 plugins.
Preloading 0 native plugins for Editor in 0.00 ms.
Mono: successfully reloaded assembly
- Completed reload, in  0.914 seconds
Domain Reload Profiling:
	ReloadAssembly (914ms)
		BeginReloadAssembly (111ms)
			ExecutionOrderSort (0ms)
			DisableScriptedObjects (7ms)
			BackupInstance (0ms)
			ReleaseScriptingObjects (0ms)
			CreateAndSetChildDomain (32ms)
		EndReloadAssembly (747ms)
			LoadAssemblies (88ms)
			RebuildTransferFunctionScriptingTraits (0ms)
			SetupTypeCache (260ms)
			ReleaseScriptCaches (1ms)
			RebuildScriptCaches (44ms)
			SetupLoadedEditorAssemblies (268ms)
				LogAssemblyErrors (0ms)
				InitializePlatformSupportModulesInManaged (29ms)
				SetLoadedEditorAssemblies (0ms)
				RefreshPlugins (1ms)
				BeforeProcessingInitializeOnLoad (93ms)
				ProcessInitializeOnLoadAttributes (126ms)
				ProcessInitializeOnLoadMethodAttributes (11ms)
				AfterProcessingInitializeOnLoad (8ms)
				EditorAssembliesLoaded (0ms)
			ExecutionOrderSort2 (0ms)
			AwakeInstancesAfterBackupRestoration (9ms)
Platform modules already initialized, skipping
Refreshing native plugins compatible for Editor in 0.45 ms, found 3 plugins.
Preloading 0 native plugins for Editor in 0.00 ms.
Unloading 2137 Unused Serialized files (Serialized files now loaded: 0)
System memory in use before: 172.4 MB.
System memory in use after: 172.5 MB.

Unloading 14 unused Assets to reduce memory usage. Loaded Objects now: 2683.
Total: 5.287100 ms (FindLiveObjects: 1.057900 ms CreateObjectMapping: 0.185900 ms MarkObjects: 4.005000 ms  DeleteObjects: 0.036800 ms)

AssetImportParameters requested are different than current active one (requested -> active):
  custom:framework-win-MediaFoundation: 216162199b28c13a410421893ffa2e32 -> 
  custom:video-decoder-ogg-theora: a1e56fd34408186e4bbccfd4996cb3dc -> 
  custom:container-muxer-webm: aa71ff27fc2769a1b78a27578f13a17b -> 
  custom:container-demuxer-webm: 4f35f7cbe854078d1ac9338744f61a02 -> 
  custom:container-demuxer-ogg: 62fdf1f143b41e24485cea50d1cbac27 -> 
  custom:video-encoder-webm-vp8: eb34c28f22e8b96e1ab97ce403110664 -> 
  custom:video-decoder-webm-vp8: 9c59270c3fd7afecdb556c50c9e8de78 -> 
  custom:audio-decoder-ogg-vorbis: bf7c407c2cedff20999df2af8eb42d56 -> 
  custom:audio-encoder-webm-vorbis: bf7c407c2cedff20999df2af8eb42d56 -> 
========================================================================
Received Import Request.
  Time since last request: 2403.483613 seconds.
  path: Assets/Shader/Decal.cs
  artifactKey: Guid(438fa099d6b10ac42b6c4d0a97fc8949) Importer(815301076,1909f56bfc062723c751e8b465ee728b)
Start importing Assets/Shader/Decal.cs using Guid(438fa099d6b10ac42b6c4d0a97fc8949) Importer(815301076,1909f56bfc062723c751e8b465ee728b)  -> (artifact id: '92804c8cabf636d2e03ff1b6a3753aad') in 0.012774 seconds 
========================================================================
Received Prepare
Registering precompiled user dll's ...
Registered in 0.003644 seconds.
Begin MonoManager ReloadAssembly
Native extension for WindowsStandalone target not found
Refreshing native plugins compatible for Editor in 0.44 ms, found 3 plugins.
Preloading 0 native plugins for Editor in 0.00 ms.
Mono: successfully reloaded assembly
- Completed reload, in  0.952 seconds
Domain Reload Profiling:
	ReloadAssembly (953ms)
		BeginReloadAssembly (132ms)
			ExecutionOrderSort (0ms)
			DisableScriptedObjects (5ms)
			BackupInstance (0ms)
			ReleaseScriptingObjects (0ms)
			CreateAndSetChildDomain (40ms)
		EndReloadAssembly (759ms)
			LoadAssemblies (104ms)
			RebuildTransferFunctionScriptingTraits (0ms)
			SetupTypeCache (260ms)
			ReleaseScriptCaches (1ms)
			RebuildScriptCaches (50ms)
			SetupLoadedEditorAssemblies (271ms)
				LogAssemblyErrors (0ms)
				InitializePlatformSupportModulesInManaged (29ms)
				SetLoadedEditorAssemblies (0ms)
				RefreshPlugins (0ms)
				BeforeProcessingInitializeOnLoad (99ms)
				ProcessInitializeOnLoadAttributes (126ms)
				ProcessInitializeOnLoadMethodAttributes (10ms)
				AfterProcessingInitializeOnLoad (6ms)
				EditorAssembliesLoaded (0ms)
			ExecutionOrderSort2 (0ms)
			AwakeInstancesAfterBackupRestoration (9ms)
Platform modules already initialized, skipping
Refreshing native plugins compatible for Editor in 0.61 ms, found 3 plugins.
Preloading 0 native plugins for Editor in 0.00 ms.
Unloading 2138 Unused Serialized files (Serialized files now loaded: 0)
System memory in use before: 172.4 MB.
System memory in use after: 172.5 MB.

Unloading 14 unused Assets to reduce memory usage. Loaded Objects now: 2687.
Total: 3.436400 ms (FindLiveObjects: 0.178500 ms CreateObjectMapping: 0.125500 ms MarkObjects: 3.092200 ms  DeleteObjects: 0.039000 ms)

AssetImportParameters requested are different than current active one (requested -> active):
  custom:framework-win-MediaFoundation: 216162199b28c13a410421893ffa2e32 -> 
  custom:video-decoder-ogg-theora: a1e56fd34408186e4bbccfd4996cb3dc -> 
  custom:container-muxer-webm: aa71ff27fc2769a1b78a27578f13a17b -> 
  custom:container-demuxer-webm: 4f35f7cbe854078d1ac9338744f61a02 -> 
  custom:container-demuxer-ogg: 62fdf1f143b41e24485cea50d1cbac27 -> 
  custom:video-encoder-webm-vp8: eb34c28f22e8b96e1ab97ce403110664 -> 
  custom:video-decoder-webm-vp8: 9c59270c3fd7afecdb556c50c9e8de78 -> 
  custom:audio-decoder-ogg-vorbis: bf7c407c2cedff20999df2af8eb42d56 -> 
  custom:audio-encoder-webm-vorbis: bf7c407c2cedff20999df2af8eb42d56 -> 
========================================================================
Received Prepare
Registering precompiled user dll's ...
Registered in 0.002598 seconds.
Begin MonoManager ReloadAssembly
Native extension for WindowsStandalone target not found
Refreshing native plugins compatible for Editor in 0.44 ms, found 3 plugins.
Preloading 0 native plugins for Editor in 0.00 ms.
Mono: successfully reloaded assembly
- Completed reload, in  0.970 seconds
Domain Reload Profiling:
	ReloadAssembly (970ms)
		BeginReloadAssembly (116ms)
			ExecutionOrderSort (0ms)
			DisableScriptedObjects (5ms)
			BackupInstance (0ms)
			ReleaseScriptingObjects (0ms)
			CreateAndSetChildDomain (32ms)
		EndReloadAssembly (784ms)
			LoadAssemblies (97ms)
			RebuildTransferFunctionScriptingTraits (0ms)
			SetupTypeCache (278ms)
			ReleaseScriptCaches (1ms)
			RebuildScriptCaches (49ms)
			SetupLoadedEditorAssemblies (269ms)
				LogAssemblyErrors (0ms)
				InitializePlatformSupportModulesInManaged (35ms)
				SetLoadedEditorAssemblies (1ms)
				RefreshPlugins (1ms)
				BeforeProcessingInitializeOnLoad (96ms)
				ProcessInitializeOnLoadAttributes (122ms)
				ProcessInitializeOnLoadMethodAttributes (10ms)
				AfterProcessingInitializeOnLoad (5ms)
				EditorAssembliesLoaded (0ms)
			ExecutionOrderSort2 (0ms)
			AwakeInstancesAfterBackupRestoration (9ms)
Platform modules already initialized, skipping
Refreshing native plugins compatible for Editor in 0.43 ms, found 3 plugins.
Preloading 0 native plugins for Editor in 0.00 ms.
Unloading 2137 Unused Serialized files (Serialized files now loaded: 0)
System memory in use before: 172.4 MB.
System memory in use after: 172.5 MB.

Unloading 15 unused Assets to reduce memory usage. Loaded Objects now: 2689.
Total: 3.015700 ms (FindLiveObjects: 0.204100 ms CreateObjectMapping: 0.087100 ms MarkObjects: 2.703300 ms  DeleteObjects: 0.020200 ms)

AssetImportParameters requested are different than current active one (requested -> active):
  custom:framework-win-MediaFoundation: 216162199b28c13a410421893ffa2e32 -> 
  custom:video-decoder-ogg-theora: a1e56fd34408186e4bbccfd4996cb3dc -> 
  custom:container-muxer-webm: aa71ff27fc2769a1b78a27578f13a17b -> 
  custom:container-demuxer-webm: 4f35f7cbe854078d1ac9338744f61a02 -> 
  custom:container-demuxer-ogg: 62fdf1f143b41e24485cea50d1cbac27 -> 
  custom:video-encoder-webm-vp8: eb34c28f22e8b96e1ab97ce403110664 -> 
  custom:video-decoder-webm-vp8: 9c59270c3fd7afecdb556c50c9e8de78 -> 
  custom:audio-decoder-ogg-vorbis: bf7c407c2cedff20999df2af8eb42d56 -> 
  custom:audio-encoder-webm-vorbis: bf7c407c2cedff20999df2af8eb42d56 -> 
========================================================================
Received Import Request.
  Time since last request: 17.498376 seconds.
  path: Assets/Shader/Decal.shader
  artifactKey: Guid(656c58357eca0c84b9b86f0f26cba511) Importer(815301076,1909f56bfc062723c751e8b465ee728b)
Start importing Assets/Shader/Decal.shader using Guid(656c58357eca0c84b9b86f0f26cba511) Importer(815301076,1909f56bfc062723c751e8b465ee728b)  -> (artifact id: '7b8acefbfcc808279f1172a3611af098') in 0.042479 seconds 
========================================================================
Received Import Request.
  Time since last request: 158.526068 seconds.
  path: Assets/Shader/Decal.shader
  artifactKey: Guid(656c58357eca0c84b9b86f0f26cba511) Importer(815301076,1909f56bfc062723c751e8b465ee728b)
Start importing Assets/Shader/Decal.shader using Guid(656c58357eca0c84b9b86f0f26cba511) Importer(815301076,1909f56bfc062723c751e8b465ee728b)  -> (artifact id: 'b38164560aff3428225d09cb86da3a0b') in 0.003681 seconds 
========================================================================
Received Import Request.
  Time since last request: 13.686650 seconds.
  path: Assets/Shader/Decal.shader
  artifactKey: Guid(656c58357eca0c84b9b86f0f26cba511) Importer(815301076,1909f56bfc062723c751e8b465ee728b)
Start importing Assets/Shader/Decal.shader using Guid(656c58357eca0c84b9b86f0f26cba511) Importer(815301076,1909f56bfc062723c751e8b465ee728b)  -> (artifact id: '9a792d99fb4f9ff8c83f30bdd7c8f57a') in 0.004084 seconds 
========================================================================
Received Import Request.
  Time since last request: 96.307066 seconds.
  path: Assets/Shader/Decal.shader
  artifactKey: Guid(656c58357eca0c84b9b86f0f26cba511) Importer(815301076,1909f56bfc062723c751e8b465ee728b)
Start importing Assets/Shader/Decal.shader using Guid(656c58357eca0c84b9b86f0f26cba511) Importer(815301076,1909f56bfc062723c751e8b465ee728b)  -> (artifact id: '69755af68e3b85d039ccd6e4346bc727') in 0.004025 seconds 
========================================================================
Received Import Request.
  Time since last request: 111.020614 seconds.
  path: Assets/Shader/Decal.shader
  artifactKey: Guid(656c58357eca0c84b9b86f0f26cba511) Importer(815301076,1909f56bfc062723c751e8b465ee728b)
Start importing Assets/Shader/Decal.shader using Guid(656c58357eca0c84b9b86f0f26cba511) Importer(815301076,1909f56bfc062723c751e8b465ee728b)  -> (artifact id: 'b60120e6d48a3bc065474fb258168224') in 0.004749 seconds 
========================================================================
Received Prepare
Registering precompiled user dll's ...
Registered in 0.004481 seconds.
Begin MonoManager ReloadAssembly
Native extension for WindowsStandalone target not found
Refreshing native plugins compatible for Editor in 0.44 ms, found 3 plugins.
Preloading 0 native plugins for Editor in 0.00 ms.
Mono: successfully reloaded assembly
- Completed reload, in  0.940 seconds
Domain Reload Profiling:
	ReloadAssembly (941ms)
		BeginReloadAssembly (124ms)
			ExecutionOrderSort (0ms)
			DisableScriptedObjects (4ms)
			BackupInstance (0ms)
			ReleaseScriptingObjects (0ms)
			CreateAndSetChildDomain (49ms)
		EndReloadAssembly (756ms)
			LoadAssemblies (89ms)
			RebuildTransferFunctionScriptingTraits (0ms)
			SetupTypeCache (260ms)
			ReleaseScriptCaches (1ms)
			RebuildScriptCaches (43ms)
			SetupLoadedEditorAssemblies (270ms)
				LogAssemblyErrors (0ms)
				InitializePlatformSupportModulesInManaged (30ms)
				SetLoadedEditorAssemblies (0ms)
				RefreshPlugins (0ms)
				BeforeProcessingInitializeOnLoad (99ms)
				ProcessInitializeOnLoadAttributes (125ms)
				ProcessInitializeOnLoadMethodAttributes (10ms)
				AfterProcessingInitializeOnLoad (5ms)
				EditorAssembliesLoaded (0ms)
			ExecutionOrderSort2 (0ms)
			AwakeInstancesAfterBackupRestoration (9ms)
Platform modules already initialized, skipping
Refreshing native plugins compatible for Editor in 0.46 ms, found 3 plugins.
Preloading 0 native plugins for Editor in 0.00 ms.
Unloading 2138 Unused Serialized files (Serialized files now loaded: 0)
System memory in use before: 172.8 MB.
System memory in use after: 172.8 MB.

Unloading 15 unused Assets to reduce memory usage. Loaded Objects now: 2692.
Total: 2.820500 ms (FindLiveObjects: 0.155700 ms CreateObjectMapping: 0.074800 ms MarkObjects: 2.495300 ms  DeleteObjects: 0.094200 ms)

AssetImportParameters requested are different than current active one (requested -> active):
  custom:framework-win-MediaFoundation: 216162199b28c13a410421893ffa2e32 -> 
  custom:video-decoder-ogg-theora: a1e56fd34408186e4bbccfd4996cb3dc -> 
  custom:container-muxer-webm: aa71ff27fc2769a1b78a27578f13a17b -> 
  custom:container-demuxer-webm: 4f35f7cbe854078d1ac9338744f61a02 -> 
  custom:container-demuxer-ogg: 62fdf1f143b41e24485cea50d1cbac27 -> 
  custom:video-encoder-webm-vp8: eb34c28f22e8b96e1ab97ce403110664 -> 
  custom:video-decoder-webm-vp8: 9c59270c3fd7afecdb556c50c9e8de78 -> 
  custom:audio-decoder-ogg-vorbis: bf7c407c2cedff20999df2af8eb42d56 -> 
  custom:audio-encoder-webm-vorbis: bf7c407c2cedff20999df2af8eb42d56 -> 
========================================================================
Received Import Request.
  Time since last request: 386.800284 seconds.
  path: Assets/Texture2D/BloodFloor2.png
  artifactKey: Guid(c0d2e2eac01000944ac36edb30cc9198) Importer(815301076,1909f56bfc062723c751e8b465ee728b)
Start importing Assets/Texture2D/BloodFloor2.png using Guid(c0d2e2eac01000944ac36edb30cc9198) Importer(815301076,1909f56bfc062723c751e8b465ee728b)  -> (artifact id: '103a9e95b1ce7ea299eea48d91a5984e') in 0.041671 seconds 
========================================================================
Received Import Request.
  Time since last request: 27.524678 seconds.
  path: Assets/Texture2D/BloodFloor2.png
  artifactKey: Guid(c0d2e2eac01000944ac36edb30cc9198) Importer(815301076,1909f56bfc062723c751e8b465ee728b)
Start importing Assets/Texture2D/BloodFloor2.png using Guid(c0d2e2eac01000944ac36edb30cc9198) Importer(815301076,1909f56bfc062723c751e8b465ee728b)  -> (artifact id: '6b6380004e4c261919e0fbbfeec7eefc') in 0.012726 seconds 
========================================================================
Received Import Request.
  Time since last request: 4.976325 seconds.
  path: Assets/Texture2D/Materials/BloodFloor2.mat
  artifactKey: Guid(cb1ba81ab41baf34cbd2d7a7da9ee1b2) Importer(815301076,1909f56bfc062723c751e8b465ee728b)
Start importing Assets/Texture2D/Materials/BloodFloor2.mat using Guid(cb1ba81ab41baf34cbd2d7a7da9ee1b2) Importer(815301076,1909f56bfc062723c751e8b465ee728b)  -> (artifact id: '14b2838266da0463cb41bcf40d5c1d55') in 0.042338 seconds 
========================================================================
Received Prepare
Registering precompiled user dll's ...
Registered in 0.002543 seconds.
Begin MonoManager ReloadAssembly
Native extension for WindowsStandalone target not found
Refreshing native plugins compatible for Editor in 0.44 ms, found 3 plugins.
Preloading 0 native plugins for Editor in 0.00 ms.
Mono: successfully reloaded assembly
- Completed reload, in  0.930 seconds
Domain Reload Profiling:
	ReloadAssembly (930ms)
		BeginReloadAssembly (113ms)
			ExecutionOrderSort (0ms)
			DisableScriptedObjects (4ms)
			BackupInstance (0ms)
			ReleaseScriptingObjects (0ms)
			CreateAndSetChildDomain (37ms)
		EndReloadAssembly (760ms)
			LoadAssemblies (89ms)
			RebuildTransferFunctionScriptingTraits (0ms)
			SetupTypeCache (269ms)
			ReleaseScriptCaches (1ms)
			RebuildScriptCaches (43ms)
			SetupLoadedEditorAssemblies (272ms)
				LogAssemblyErrors (0ms)
				InitializePlatformSupportModulesInManaged (28ms)
				SetLoadedEditorAssemblies (0ms)
				RefreshPlugins (0ms)
				BeforeProcessingInitializeOnLoad (99ms)
				ProcessInitializeOnLoadAttributes (128ms)
				ProcessInitializeOnLoadMethodAttributes (9ms)
				AfterProcessingInitializeOnLoad (7ms)
				EditorAssembliesLoaded (0ms)
			ExecutionOrderSort2 (0ms)
			AwakeInstancesAfterBackupRestoration (8ms)
Platform modules already initialized, skipping
Refreshing native plugins compatible for Editor in 0.43 ms, found 3 plugins.
Preloading 0 native plugins for Editor in 0.00 ms.
Unloading 2138 Unused Serialized files (Serialized files now loaded: 0)
System memory in use before: 172.8 MB.
System memory in use after: 172.9 MB.

Unloading 14 unused Assets to reduce memory usage. Loaded Objects now: 2697.
Total: 2.748100 ms (FindLiveObjects: 0.189200 ms CreateObjectMapping: 0.096800 ms MarkObjects: 2.444100 ms  DeleteObjects: 0.017400 ms)

AssetImportParameters requested are different than current active one (requested -> active):
  custom:framework-win-MediaFoundation: 216162199b28c13a410421893ffa2e32 -> 
  custom:video-decoder-ogg-theora: a1e56fd34408186e4bbccfd4996cb3dc -> 
  custom:container-muxer-webm: aa71ff27fc2769a1b78a27578f13a17b -> 
  custom:container-demuxer-webm: 4f35f7cbe854078d1ac9338744f61a02 -> 
  custom:container-demuxer-ogg: 62fdf1f143b41e24485cea50d1cbac27 -> 
  custom:video-encoder-webm-vp8: eb34c28f22e8b96e1ab97ce403110664 -> 
  custom:video-decoder-webm-vp8: 9c59270c3fd7afecdb556c50c9e8de78 -> 
  custom:audio-decoder-ogg-vorbis: bf7c407c2cedff20999df2af8eb42d56 -> 
  custom:audio-encoder-webm-vorbis: bf7c407c2cedff20999df2af8eb42d56 -> 
========================================================================
Received Import Request.
  Time since last request: 112.691172 seconds.
  path: Assets/Texture2D/BloodFloor2.png
  artifactKey: Guid(c0d2e2eac01000944ac36edb30cc9198) Importer(815301076,1909f56bfc062723c751e8b465ee728b)
Start importing Assets/Texture2D/BloodFloor2.png using Guid(c0d2e2eac01000944ac36edb30cc9198) Importer(815301076,1909f56bfc062723c751e8b465ee728b)  -> (artifact id: '455a8ee9d1b75c572276492a98821fa1') in 0.042661 seconds 
========================================================================
Received Prepare
Registering precompiled user dll's ...
Registered in 0.002503 seconds.
Begin MonoManager ReloadAssembly
Native extension for WindowsStandalone target not found
Refreshing native plugins compatible for Editor in 0.45 ms, found 3 plugins.
Preloading 0 native plugins for Editor in 0.00 ms.
Mono: successfully reloaded assembly
- Completed reload, in  0.954 seconds
Domain Reload Profiling:
	ReloadAssembly (955ms)
		BeginReloadAssembly (112ms)
			ExecutionOrderSort (0ms)
			DisableScriptedObjects (5ms)
			BackupInstance (0ms)
			ReleaseScriptingObjects (0ms)
			CreateAndSetChildDomain (33ms)
		EndReloadAssembly (783ms)
			LoadAssemblies (92ms)
			RebuildTransferFunctionScriptingTraits (0ms)
			SetupTypeCache (275ms)
			ReleaseScriptCaches (1ms)
			RebuildScriptCaches (46ms)
			SetupLoadedEditorAssemblies (279ms)
				LogAssemblyErrors (0ms)
				InitializePlatformSupportModulesInManaged (29ms)
				SetLoadedEditorAssemblies (1ms)
				RefreshPlugins (1ms)
				BeforeProcessingInitializeOnLoad (99ms)
				ProcessInitializeOnLoadAttributes (134ms)
				ProcessInitializeOnLoadMethodAttributes (9ms)
				AfterProcessingInitializeOnLoad (6ms)
				EditorAssembliesLoaded (0ms)
			ExecutionOrderSort2 (0ms)
			AwakeInstancesAfterBackupRestoration (9ms)
Platform modules already initialized, skipping
Refreshing native plugins compatible for Editor in 0.44 ms, found 3 plugins.
Preloading 0 native plugins for Editor in 0.00 ms.
Unloading 2137 Unused Serialized files (Serialized files now loaded: 0)
System memory in use before: 172.6 MB.
System memory in use after: 172.7 MB.

Unloading 14 unused Assets to reduce memory usage. Loaded Objects now: 2700.
Total: 2.904100 ms (FindLiveObjects: 0.158400 ms CreateObjectMapping: 0.080100 ms MarkObjects: 2.641700 ms  DeleteObjects: 0.023000 ms)

AssetImportParameters requested are different than current active one (requested -> active):
  custom:framework-win-MediaFoundation: 216162199b28c13a410421893ffa2e32 -> 
  custom:video-decoder-ogg-theora: a1e56fd34408186e4bbccfd4996cb3dc -> 
  custom:container-muxer-webm: aa71ff27fc2769a1b78a27578f13a17b -> 
  custom:container-demuxer-webm: 4f35f7cbe854078d1ac9338744f61a02 -> 
  custom:container-demuxer-ogg: 62fdf1f143b41e24485cea50d1cbac27 -> 
  custom:video-encoder-webm-vp8: eb34c28f22e8b96e1ab97ce403110664 -> 
  custom:video-decoder-webm-vp8: 9c59270c3fd7afecdb556c50c9e8de78 -> 
  custom:audio-decoder-ogg-vorbis: bf7c407c2cedff20999df2af8eb42d56 -> 
  custom:audio-encoder-webm-vorbis: bf7c407c2cedff20999df2af8eb42d56 -> 
========================================================================
Received Import Request.
  Time since last request: 271.372228 seconds.
  path: Assets/Texture2D/texture07_reflectionmap.png
  artifactKey: Guid(97caefc47361afe4eb52af835b5a34c3) Importer(815301076,1909f56bfc062723c751e8b465ee728b)
Start importing Assets/Texture2D/texture07_reflectionmap.png using Guid(97caefc47361afe4eb52af835b5a34c3) Importer(815301076,1909f56bfc062723c751e8b465ee728b)  -> (artifact id: '140b05691458cc55b2596e93872fe646') in 0.039427 seconds 
========================================================================
Received Import Request.
  Time since last request: 5.765159 seconds.
  path: Assets/Texture2D/texture07_reflectionmap.png
  artifactKey: Guid(97caefc47361afe4eb52af835b5a34c3) Importer(815301076,1909f56bfc062723c751e8b465ee728b)
Start importing Assets/Texture2D/texture07_reflectionmap.png using Guid(97caefc47361afe4eb52af835b5a34c3) Importer(815301076,1909f56bfc062723c751e8b465ee728b)  -> (artifact id: '62964105bddfe0f8fc4f23d593dd90cd') in 0.012084 seconds 
========================================================================
Received Prepare
Registering precompiled user dll's ...
Registered in 0.003127 seconds.
Begin MonoManager ReloadAssembly
Native extension for WindowsStandalone target not found
Refreshing native plugins compatible for Editor in 0.50 ms, found 3 plugins.
Preloading 0 native plugins for Editor in 0.00 ms.
Mono: successfully reloaded assembly
- Completed reload, in  1.147 seconds
Domain Reload Profiling:
	ReloadAssembly (1147ms)
		BeginReloadAssembly (129ms)
			ExecutionOrderSort (0ms)
			DisableScriptedObjects (8ms)
			BackupInstance (0ms)
			ReleaseScriptingObjects (0ms)
			CreateAndSetChildDomain (38ms)
		EndReloadAssembly (950ms)
			LoadAssemblies (114ms)
			RebuildTransferFunctionScriptingTraits (0ms)
			SetupTypeCache (326ms)
			ReleaseScriptCaches (1ms)
			RebuildScriptCaches (73ms)
			SetupLoadedEditorAssemblies (332ms)
				LogAssemblyErrors (0ms)
				InitializePlatformSupportModulesInManaged (35ms)
				SetLoadedEditorAssemblies (1ms)
				RefreshPlugins (1ms)
				BeforeProcessingInitializeOnLoad (112ms)
				ProcessInitializeOnLoadAttributes (146ms)
				ProcessInitializeOnLoadMethodAttributes (30ms)
				AfterProcessingInitializeOnLoad (7ms)
				EditorAssembliesLoaded (0ms)
			ExecutionOrderSort2 (0ms)
			AwakeInstancesAfterBackupRestoration (9ms)
Platform modules already initialized, skipping
Refreshing native plugins compatible for Editor in 0.44 ms, found 3 plugins.
Preloading 0 native plugins for Editor in 0.00 ms.
Unloading 2137 Unused Serialized files (Serialized files now loaded: 0)
System memory in use before: 172.6 MB.
System memory in use after: 172.7 MB.

Unloading 14 unused Assets to reduce memory usage. Loaded Objects now: 2703.
Total: 3.340700 ms (FindLiveObjects: 0.222200 ms CreateObjectMapping: 0.141600 ms MarkObjects: 2.952800 ms  DeleteObjects: 0.022900 ms)

AssetImportParameters requested are different than current active one (requested -> active):
  custom:framework-win-MediaFoundation: 216162199b28c13a410421893ffa2e32 -> 
  custom:video-decoder-ogg-theora: a1e56fd34408186e4bbccfd4996cb3dc -> 
  custom:container-muxer-webm: aa71ff27fc2769a1b78a27578f13a17b -> 
  custom:container-demuxer-webm: 4f35f7cbe854078d1ac9338744f61a02 -> 
  custom:container-demuxer-ogg: 62fdf1f143b41e24485cea50d1cbac27 -> 
  custom:video-encoder-webm-vp8: eb34c28f22e8b96e1ab97ce403110664 -> 
  custom:video-decoder-webm-vp8: 9c59270c3fd7afecdb556c50c9e8de78 -> 
  custom:audio-decoder-ogg-vorbis: bf7c407c2cedff20999df2af8eb42d56 -> 
  custom:audio-encoder-webm-vorbis: bf7c407c2cedff20999df2af8eb42d56 -> 
========================================================================
Received Import Request.
  Time since last request: 108.417757 seconds.
  path: Assets/Texture2D/texture07_reflectionmap.png
  artifactKey: Guid(97caefc47361afe4eb52af835b5a34c3) Importer(815301076,1909f56bfc062723c751e8b465ee728b)
Start importing Assets/Texture2D/texture07_reflectionmap.png using Guid(97caefc47361afe4eb52af835b5a34c3) Importer(815301076,1909f56bfc062723c751e8b465ee728b)  -> (artifact id: '0b134a4b084ead241ed0ee74c8ececb9') in 0.040360 seconds 
========================================================================
Received Import Request.
  Time since last request: 8.967128 seconds.
  path: Assets/Texture2D/texture07_reflectionmap.png
  artifactKey: Guid(97caefc47361afe4eb52af835b5a34c3) Importer(815301076,1909f56bfc062723c751e8b465ee728b)
Start importing Assets/Texture2D/texture07_reflectionmap.png using Guid(97caefc47361afe4eb52af835b5a34c3) Importer(815301076,1909f56bfc062723c751e8b465ee728b)  -> (artifact id: 'a941225c2ada417ff6480bf0356a2c51') in 0.006675 seconds 
========================================================================
Received Prepare
Registering precompiled user dll's ...
Registered in 0.002732 seconds.
Begin MonoManager ReloadAssembly
Native extension for WindowsStandalone target not found
Refreshing native plugins compatible for Editor in 0.48 ms, found 3 plugins.
Preloading 0 native plugins for Editor in 0.00 ms.
Mono: successfully reloaded assembly
- Completed reload, in  0.949 seconds
Domain Reload Profiling:
	ReloadAssembly (950ms)
		BeginReloadAssembly (129ms)
			ExecutionOrderSort (0ms)
			DisableScriptedObjects (6ms)
			BackupInstance (0ms)
			ReleaseScriptingObjects (0ms)
			CreateAndSetChildDomain (36ms)
		EndReloadAssembly (764ms)
			LoadAssemblies (107ms)
			RebuildTransferFunctionScriptingTraits (0ms)
			SetupTypeCache (262ms)
			ReleaseScriptCaches (1ms)
			RebuildScriptCaches (45ms)
			SetupLoadedEditorAssemblies (276ms)
				LogAssemblyErrors (0ms)
				InitializePlatformSupportModulesInManaged (30ms)
				SetLoadedEditorAssemblies (0ms)
				RefreshPlugins (1ms)
				BeforeProcessingInitializeOnLoad (97ms)
				ProcessInitializeOnLoadAttributes (131ms)
				ProcessInitializeOnLoadMethodAttributes (10ms)
				AfterProcessingInitializeOnLoad (7ms)
				EditorAssembliesLoaded (0ms)
			ExecutionOrderSort2 (0ms)
			AwakeInstancesAfterBackupRestoration (9ms)
Platform modules already initialized, skipping
Refreshing native plugins compatible for Editor in 0.47 ms, found 3 plugins.
Preloading 0 native plugins for Editor in 0.00 ms.
Unloading 2137 Unused Serialized files (Serialized files now loaded: 0)
System memory in use before: 172.6 MB.
System memory in use after: 172.7 MB.

Unloading 14 unused Assets to reduce memory usage. Loaded Objects now: 2706.
Total: 2.885500 ms (FindLiveObjects: 0.163500 ms CreateObjectMapping: 0.087400 ms MarkObjects: 2.613500 ms  DeleteObjects: 0.020400 ms)

AssetImportParameters requested are different than current active one (requested -> active):
  custom:framework-win-MediaFoundation: 216162199b28c13a410421893ffa2e32 -> 
  custom:video-decoder-ogg-theora: a1e56fd34408186e4bbccfd4996cb3dc -> 
  custom:container-muxer-webm: aa71ff27fc2769a1b78a27578f13a17b -> 
  custom:container-demuxer-webm: 4f35f7cbe854078d1ac9338744f61a02 -> 
  custom:container-demuxer-ogg: 62fdf1f143b41e24485cea50d1cbac27 -> 
  custom:video-encoder-webm-vp8: eb34c28f22e8b96e1ab97ce403110664 -> 
  custom:video-decoder-webm-vp8: 9c59270c3fd7afecdb556c50c9e8de78 -> 
  custom:audio-decoder-ogg-vorbis: bf7c407c2cedff20999df2af8eb42d56 -> 
  custom:audio-encoder-webm-vorbis: bf7c407c2cedff20999df2af8eb42d56 -> 
========================================================================
Received Import Request.
  Time since last request: 100.451419 seconds.
  path: Assets/Texture2D/texture07_reflectionmap.png
  artifactKey: Guid(97caefc47361afe4eb52af835b5a34c3) Importer(815301076,1909f56bfc062723c751e8b465ee728b)
Start importing Assets/Texture2D/texture07_reflectionmap.png using Guid(97caefc47361afe4eb52af835b5a34c3) Importer(815301076,1909f56bfc062723c751e8b465ee728b)  -> (artifact id: 'a226c5324e4815b4491a33a14b5215e6') in 0.035452 seconds 
========================================================================
Received Prepare
Registering precompiled user dll's ...
Registered in 0.003067 seconds.
Begin MonoManager ReloadAssembly
Native extension for WindowsStandalone target not found
Refreshing native plugins compatible for Editor in 0.51 ms, found 3 plugins.
Preloading 0 native plugins for Editor in 0.00 ms.
Mono: successfully reloaded assembly
- Completed reload, in  0.954 seconds
Domain Reload Profiling:
	ReloadAssembly (954ms)
		BeginReloadAssembly (111ms)
			ExecutionOrderSort (0ms)
			DisableScriptedObjects (4ms)
			BackupInstance (0ms)
			ReleaseScriptingObjects (0ms)
			CreateAndSetChildDomain (35ms)
		EndReloadAssembly (784ms)
			LoadAssemblies (86ms)
			RebuildTransferFunctionScriptingTraits (0ms)
			SetupTypeCache (264ms)
			ReleaseScriptCaches (1ms)
			RebuildScriptCaches (44ms)
			SetupLoadedEditorAssemblies (291ms)
				LogAssemblyErrors (0ms)
				InitializePlatformSupportModulesInManaged (29ms)
				SetLoadedEditorAssemblies (1ms)
				RefreshPlugins (1ms)
				BeforeProcessingInitializeOnLoad (107ms)
				ProcessInitializeOnLoadAttributes (133ms)
				ProcessInitializeOnLoadMethodAttributes (12ms)
				AfterProcessingInitializeOnLoad (8ms)
				EditorAssembliesLoaded (0ms)
			ExecutionOrderSort2 (0ms)
			AwakeInstancesAfterBackupRestoration (10ms)
Platform modules already initialized, skipping
Refreshing native plugins compatible for Editor in 0.50 ms, found 3 plugins.
Preloading 0 native plugins for Editor in 0.00 ms.
Unloading 2137 Unused Serialized files (Serialized files now loaded: 0)
System memory in use before: 172.6 MB.
System memory in use after: 172.7 MB.

Unloading 14 unused Assets to reduce memory usage. Loaded Objects now: 2709.
Total: 3.667800 ms (FindLiveObjects: 0.319600 ms CreateObjectMapping: 0.155200 ms MarkObjects: 3.168200 ms  DeleteObjects: 0.023900 ms)

AssetImportParameters requested are different than current active one (requested -> active):
  custom:framework-win-MediaFoundation: 216162199b28c13a410421893ffa2e32 -> 
  custom:video-decoder-ogg-theora: a1e56fd34408186e4bbccfd4996cb3dc -> 
  custom:container-muxer-webm: aa71ff27fc2769a1b78a27578f13a17b -> 
  custom:container-demuxer-webm: 4f35f7cbe854078d1ac9338744f61a02 -> 
  custom:container-demuxer-ogg: 62fdf1f143b41e24485cea50d1cbac27 -> 
  custom:video-encoder-webm-vp8: eb34c28f22e8b96e1ab97ce403110664 -> 
  custom:video-decoder-webm-vp8: 9c59270c3fd7afecdb556c50c9e8de78 -> 
  custom:audio-decoder-ogg-vorbis: bf7c407c2cedff20999df2af8eb42d56 -> 
  custom:audio-encoder-webm-vorbis: bf7c407c2cedff20999df2af8eb42d56 -> 
========================================================================
Received Import Request.
  Time since last request: 123.945232 seconds.
  path: Assets/Material/texture06.mat
  artifactKey: Guid(74662eee0c5a56f4d84c05260004c89d) Importer(815301076,1909f56bfc062723c751e8b465ee728b)
Start importing Assets/Material/texture06.mat using Guid(74662eee0c5a56f4d84c05260004c89d) Importer(815301076,1909f56bfc062723c751e8b465ee728b)  -> (artifact id: 'c426f614b13e29f79cb7582c5cb5fea2') in 0.169478 seconds 
========================================================================
Received Import Request.
  Time since last request: 0.000248 seconds.
  path: Assets/Material/texture17.mat
  artifactKey: Guid(f07f438e4fa6ce04db4c645c01ae9582) Importer(815301076,1909f56bfc062723c751e8b465ee728b)
Start importing Assets/Material/texture17.mat using Guid(f07f438e4fa6ce04db4c645c01ae9582) Importer(815301076,1909f56bfc062723c751e8b465ee728b)  -> (artifact id: 'a8771d4156e8ff8dfa348249a8b84f30') in 0.088278 seconds 
========================================================================
Received Import Request.
  Time since last request: 46.731810 seconds.
  path: Assets/UI
  artifactKey: Guid(bea3f31ea54937b44a8aff23a67dbc53) Importer(815301076,1909f56bfc062723c751e8b465ee728b)
Start importing Assets/UI using Guid(bea3f31ea54937b44a8aff23a67dbc53) Importer(815301076,1909f56bfc062723c751e8b465ee728b)  -> (artifact id: 'c7b4137d811a811c8a93e43d8b990dad') in 0.005930 seconds 
========================================================================
Received Import Request.
  Time since last request: 26.346843 seconds.
  path: Assets/UI/panel.png
  artifactKey: Guid(5df9186ba8b3de643871016506e5e43e) Importer(815301076,1909f56bfc062723c751e8b465ee728b)
Start importing Assets/UI/panel.png using Guid(5df9186ba8b3de643871016506e5e43e) Importer(815301076,1909f56bfc062723c751e8b465ee728b)  -> (artifact id: '0519edd88a6314640cb90c69224abb9d') in 0.022121 seconds 
========================================================================
Received Import Request.
  Time since last request: 45.957400 seconds.
  path: Assets/UI/panel.png
  artifactKey: Guid(5df9186ba8b3de643871016506e5e43e) Importer(815301076,1909f56bfc062723c751e8b465ee728b)
Start importing Assets/UI/panel.png using Guid(5df9186ba8b3de643871016506e5e43e) Importer(815301076,1909f56bfc062723c751e8b465ee728b)  -> (artifact id: '0d0e5607cabcccbcd5ca2ffe85213d1b') in 0.013327 seconds 
========================================================================
Received Import Request.
  Time since last request: 16.632061 seconds.
  path: Assets/UI/panel.png
  artifactKey: Guid(5df9186ba8b3de643871016506e5e43e) Importer(815301076,1909f56bfc062723c751e8b465ee728b)
Start importing Assets/UI/panel.png using Guid(5df9186ba8b3de643871016506e5e43e) Importer(815301076,1909f56bfc062723c751e8b465ee728b)  -> (artifact id: '460e324d731a13932f01bb977d93bd94') in 0.022385 seconds 
========================================================================
Received Import Request.
  Time since last request: 187.132376 seconds.
  path: Assets/UI/FishRender.mat
  artifactKey: Guid(7b33999e80e8ee840b97b3b01ab0b04f) Importer(815301076,1909f56bfc062723c751e8b465ee728b)
Start importing Assets/UI/FishRender.mat using Guid(7b33999e80e8ee840b97b3b01ab0b04f) Importer(815301076,1909f56bfc062723c751e8b465ee728b)  -> (artifact id: '1a0f49c734bd6081a9d5beccc891629f') in 0.096592 seconds 
========================================================================
Received Import Request.
  Time since last request: 39.693292 seconds.
  path: Assets/UI/FishEye.shader
  artifactKey: Guid(69ab4a76e49446346b0c22ac022fe4cf) Importer(815301076,1909f56bfc062723c751e8b465ee728b)
Start importing Assets/UI/FishEye.shader using Guid(69ab4a76e49446346b0c22ac022fe4cf) Importer(815301076,1909f56bfc062723c751e8b465ee728b)  -> (artifact id: '7be845d17f2995c7e9064c7e884ea81a') in 0.009280 seconds 
========================================================================
Received Import Request.
  Time since last request: 60.288252 seconds.
  path: Assets/UI/FishEye.shader
  artifactKey: Guid(69ab4a76e49446346b0c22ac022fe4cf) Importer(815301076,1909f56bfc062723c751e8b465ee728b)
Start importing Assets/UI/FishEye.shader using Guid(69ab4a76e49446346b0c22ac022fe4cf) Importer(815301076,1909f56bfc062723c751e8b465ee728b)  -> (artifact id: '02fb0aa0e525644aaf7f4683411d8bc4') in 0.003806 seconds 
========================================================================
Received Import Request.
  Time since last request: 736.030278 seconds.
  path: Assets/UI/FishRender.mat
  artifactKey: Guid(7b33999e80e8ee840b97b3b01ab0b04f) Importer(815301076,1909f56bfc062723c751e8b465ee728b)
Start importing Assets/UI/FishRender.mat using Guid(7b33999e80e8ee840b97b3b01ab0b04f) Importer(815301076,1909f56bfc062723c751e8b465ee728b)  -> (artifact id: '741cc9245b87f221d96579dd5bfce9d4') in 0.086423 seconds 
========================================================================
Received Import Request.
  Time since last request: 211.778737 seconds.
  path: Assets/Texture2D/Materials/BloodFloor.mat
  artifactKey: Guid(f9bf8cc71bd3a674e98851f0ef5779ce) Importer(815301076,1909f56bfc062723c751e8b465ee728b)
Start importing Assets/Texture2D/Materials/BloodFloor.mat using Guid(f9bf8cc71bd3a674e98851f0ef5779ce) Importer(815301076,1909f56bfc062723c751e8b465ee728b)  -> (artifact id: 'acd15dd067bebbd58910a0a45d0867c8') in 0.098303 seconds 
========================================================================
Received Import Request.
  Time since last request: 0.000157 seconds.
  path: Assets/Texture2D/Materials/BloodFloor2.mat
  artifactKey: Guid(cb1ba81ab41baf34cbd2d7a7da9ee1b2) Importer(815301076,1909f56bfc062723c751e8b465ee728b)
Start importing Assets/Texture2D/Materials/BloodFloor2.mat using Guid(cb1ba81ab41baf34cbd2d7a7da9ee1b2) Importer(815301076,1909f56bfc062723c751e8b465ee728b)  -> (artifact id: 'f4922213ee5180d8cb161ecdc17c92ca') in 0.092302 seconds 
========================================================================
Received Import Request.
  Time since last request: 0.000157 seconds.
  path: Assets/Mesh/weapons/12mmgun/gun12mm_material.mat
  artifactKey: Guid(4433b4c425e44874da8ceef70c5416a8) Importer(815301076,1909f56bfc062723c751e8b465ee728b)
Start importing Assets/Mesh/weapons/12mmgun/gun12mm_material.mat using Guid(4433b4c425e44874da8ceef70c5416a8) Importer(815301076,1909f56bfc062723c751e8b465ee728b)  -> (artifact id: 'febb69fd2b8b2f55dcf36cb219c77d46') in 0.091541 seconds 
========================================================================
Received Import Request.
  Time since last request: 0.000152 seconds.
  path: Assets/Mesh/weapons/doublebarrel/shell_material.mat
  artifactKey: Guid(2f843d3c1bec089428632815517ae053) Importer(815301076,1909f56bfc062723c751e8b465ee728b)
Start importing Assets/Mesh/weapons/doublebarrel/shell_material.mat using Guid(2f843d3c1bec089428632815517ae053) Importer(815301076,1909f56bfc062723c751e8b465ee728b)  -> (artifact id: 'cbbe66a938b68fc026aced37f5b74cb9') in 0.015348 seconds 
AssetImportWorkerClient::OnTransportError - code=2 error=End of file
